{"logTime": "0906/110800", "correlationVector":"vBMD7DPgvg2pl+4fXZhAV1","action":"Initial GetUpdates", "result":"", "context":Reason: NEWLY_SUPPORTED_DATATYPE. cV=vBMD7DPgvg2pl+4fXZhAV1}
{"logTime": "0906/110800", "correlationVector":"vBMD7DPgvg2pl+4fXZhAV1.1","action":"SyncServerConnectionManagerRequest", "result":"SYNC_SERVER_OK", "context":{"environment":"Prod_SoutheastAsia_000j", "migrationStage":"NotStarted", "server":"GENERAL0100001G"}}
{"logTime": "0906/110800", "correlationVector":"vBMD7DPgvg2pl+4fXZhAV1.2","action":"GetUpdates", "result":"DeleteReceived", "context":{"id":"c28ed869-d85b-43c3-be62-ea78d4e63a38", "isDeleted:":"true", "version":"1685537784824"}}
{"logTime": "0906/110800", "correlationVector":"vBMD7DPgvg2pl+4fXZhAV1.3","action":"GetUpdates", "result":"DeleteReceived", "context":{"id":"761238b4-5b41-45fb-9717-0e7abe7a9e7b", "isDeleted:":"true", "version":"1687444442914"}}
{"logTime": "0906/110800", "correlationVector":"vBMD7DPgvg2pl+4fXZhAV1.4","action":"GetUpdates", "result":"DeleteReceived", "context":{"id":"1dcb2b57-2582-4bf7-8493-22622b40cd7f", "isDeleted:":"true", "version":"1687444442915"}}
{"logTime": "0906/110800", "correlationVector":"vBMD7DPgvg2pl+4fXZhAV1.5","action":"GetUpdates", "result":"DeleteReceived", "context":{"id":"26e553d1-7586-46dd-a496-7f121771f226", "isDeleted:":"true", "version":"1691644301324"}}
{"logTime": "0906/110800", "correlationVector":"vBMD7DPgvg2pl+4fXZhAV1.6","action":"GetUpdates", "result":"DeleteReceived", "context":{"id":"08d030aa-131d-4917-9a4a-22d12a9c6913", "isDeleted:":"true", "version":"1693076668532"}}
{"logTime": "0906/110800", "correlationVector":"vBMD7DPgvg2pl+4fXZhAV1.7","action":"GetUpdates Response", "result":"SYNCER_OK", "context":Received 21 update(s). cV=vBMD7DPgvg2pl+4fXZhAV1.0;server=GENERAL0100001G;cloudType=Consumer;environment=Prod_SoutheastAsia_000j;migrationStage=NotStarted}
{"logTime": "0906/110800", "correlationVector":"B2CuYsL7twE8A61+O9x0kY","action":"SyncServerConnectionManagerRequest", "result":"SYNC_SERVER_OK", "context":{"environment":"", "migrationStage":"", "server":""}}
{"logTime": "0906/110800", "correlationVector":"6Bu1ZOlxQk2UdRkauu2RTb","action":"Normal GetUpdate request", "result":"", "context":cV=6Bu1ZOlxQk2UdRkauu2RTb
Nudged types: Sessions, User Consents
Refresh requested types: Bookmarks, Preferences, Passwords, Autofill Profiles, Autofill, Autofill Custom Data, Typed URLs, Extensions, Sessions, Extension settings, History Delete Directives, Device Info, User Consents, Send Tab To Self, Web Apps, Collection, Edge E Drop, Edge Hub App Usage, Encryption Keys}
{"logTime": "0906/110800", "correlationVector":"6Bu1ZOlxQk2UdRkauu2RTb.1","action":"SyncServerConnectionManagerRequest", "result":"SYNC_SERVER_OK", "context":{"environment":"Prod_SoutheastAsia_000j", "migrationStage":"NotStarted", "server":"GENERAL0100001F"}}
{"logTime": "0906/110800", "correlationVector":"6Bu1ZOlxQk2UdRkauu2RTb.2","action":"GetUpdates Response", "result":"SYNCER_OK", "context":Received 0 update(s). cV=6Bu1ZOlxQk2UdRkauu2RTb.0;server=GENERAL0100001F;cloudType=Consumer;environment=Prod_SoutheastAsia_000j;migrationStage=NotStarted}
{"logTime": "0906/110800", "correlationVector":"MeWq3xHW5TIcvRakJvxGZA","action":"Commit Request", "result":"", "context":Item count: 4
Contributing types: Sessions, User Consents}
{"logTime": "0906/110800", "correlationVector":"MeWq3xHW5TIcvRakJvxGZA.1","action":"SyncServerConnectionManagerRequest", "result":"SYNC_SERVER_OK", "context":{"environment":"Prod_SoutheastAsia_000j", "migrationStage":"NotStarted", "server":"GENERAL0100000R"}}
{"logTime": "0906/110800", "correlationVector":"MeWq3xHW5TIcvRakJvxGZA.3","action":"Commit.Sessions", "result":"Success", "context":{"id":"d36edba1-f419-45af-9d6f-84184cc4a3e4", "isDeleted":"true", "size":"0", "version":"1693998128630"}}
{"logTime": "0906/110800", "correlationVector":"MeWq3xHW5TIcvRakJvxGZA.2","action":"Commit Response", "result":"SYNCER_OK", "context":Result: SYNCER_OK. cV=MeWq3xHW5TIcvRakJvxGZA.0;server=GENERAL0100000R;cloudType=Consumer;environment=Prod_SoutheastAsia_000j;migrationStage=NotStarted}
{"logTime": "0906/110800", "correlationVector":"p4P5j5HsaNicRDmxlJvfvA","action":"Normal GetUpdate request", "result":"", "context":cV=p4P5j5HsaNicRDmxlJvfvA
Nudged types: Sessions
Refresh requested types: Bookmarks, Preferences, Passwords, Autofill Profiles, Autofill, Autofill Custom Data, Typed URLs, Extensions, Sessions, Extension settings, History Delete Directives, Device Info, User Consents, Send Tab To Self, Web Apps, Collection, Edge E Drop, Edge Hub App Usage, Encryption Keys}
{"logTime": "0906/110800", "correlationVector":"p4P5j5HsaNicRDmxlJvfvA.1","action":"SyncServerConnectionManagerRequest", "result":"SYNC_SERVER_OK", "context":{"environment":"Prod_SoutheastAsia_000j", "migrationStage":"NotStarted", "server":"GENERAL0100000Z"}}
{"logTime": "0906/110800", "correlationVector":"p4P5j5HsaNicRDmxlJvfvA.2","action":"GetUpdates", "result":"DeleteReceived", "context":{"id":"d36edba1-f419-45af-9d6f-84184cc4a3e4", "isDeleted:":"true", "version":"1693998471145"}}
{"logTime": "0906/110800", "correlationVector":"p4P5j5HsaNicRDmxlJvfvA.3","action":"GetUpdates Response", "result":"SYNCER_OK", "context":Received 3 update(s). cV=p4P5j5HsaNicRDmxlJvfvA.0;server=GENERAL0100000Z;cloudType=Consumer;environment=Prod_SoutheastAsia_000j;migrationStage=NotStarted}
{"logTime": "0906/110802", "correlationVector":"+MpHruEkY//qQwjTZdONAc","action":"Normal GetUpdate request", "result":"", "context":cV=+MpHruEkY//qQwjTZdONAc
Nudged types: Preferences, Sessions}
{"logTime": "0906/110802", "correlationVector":"+MpHruEkY//qQwjTZdONAc.1","action":"SyncServerConnectionManagerRequest", "result":"SYNC_SERVER_OK", "context":{"environment":"Prod_SoutheastAsia_000j", "migrationStage":"NotStarted", "server":"GENERAL0100001C"}}
{"logTime": "0906/110802", "correlationVector":"+MpHruEkY//qQwjTZdONAc.2","action":"GetUpdates Response", "result":"SYNCER_OK", "context":Received 0 update(s). cV=+MpHruEkY//qQwjTZdONAc.0;server=GENERAL0100001C;cloudType=Consumer;environment=Prod_SoutheastAsia_000j;migrationStage=NotStarted}
{"logTime": "0906/110802", "correlationVector":"XM4GBfYsd64ZtLdvlkMbuk","action":"Commit Request", "result":"", "context":Item count: 3
Contributing types: Preferences, Sessions}
{"logTime": "0906/110803", "correlationVector":"XM4GBfYsd64ZtLdvlkMbuk.1","action":"SyncServerConnectionManagerRequest", "result":"SYNC_SERVER_OK", "context":{"environment":"Prod_SoutheastAsia_000j", "migrationStage":"NotStarted", "server":"GENERAL01000009"}}
{"logTime": "0906/110803", "correlationVector":"XM4GBfYsd64ZtLdvlkMbuk.2","action":"Commit Response", "result":"SYNCER_OK", "context":Result: SYNCER_OK. cV=XM4GBfYsd64ZtLdvlkMbuk.0;server=GENERAL01000009;cloudType=Consumer;environment=Prod_SoutheastAsia_000j;migrationStage=NotStarted}
{"logTime": "0906/113253", "correlationVector":"F3OqPpuPyfRD5Su8SlNRuk.0","action":"FeedSettingFetch_homeCloud", "result":"0", "context":{}}
{"logTime": "0906/113253", "correlationVector":"305m4U/QCWhnmJOqKnM/WP.1","action":"SyncServerConnectionManagerRequest", "result":"SYNC_SERVER_OK", "context":{"environment":"Prod_SoutheastAsia_000j", "migrationStage":"NotStarted", "server":"GENERAL0100001A"}}
{"logTime": "0906/113253", "correlationVector":"305m4U/QCWhnmJOqKnM/WP","action":"Initial GetUpdates", "result":"", "context":Reason: NEW_CLIENT. cV=305m4U/QCWhnmJOqKnM/WP}
{"logTime": "0906/113253", "correlationVector":"305m4U/QCWhnmJOqKnM/WP.2","action":"GetUpdates Response", "result":"SYNCER_OK", "context":Received 1 update(s). cV=305m4U/QCWhnmJOqKnM/WP.0;server=GENERAL0100001A;cloudType=Consumer;environment=Prod_SoutheastAsia_000j;migrationStage=NotStarted}
{"logTime": "0906/113253", "correlationVector":"zeLEGw/rZuZJt860UEuxA+","action":"Initial GetUpdates", "result":"", "context":Reason: NEWLY_SUPPORTED_DATATYPE. cV=zeLEGw/rZuZJt860UEuxA+}
{"logTime": "0906/113253", "correlationVector":"zeLEGw/rZuZJt860UEuxA+.1","action":"SyncServerConnectionManagerRequest", "result":"SYNC_SERVER_OK", "context":{"environment":"Prod_SoutheastAsia_000j", "migrationStage":"NotStarted", "server":"GENERAL0100000B"}}
{"logTime": "0906/113254", "correlationVector":"zeLEGw/rZuZJt860UEuxA+.2","action":"GetUpdates", "result":"DeleteReceived", "context":{"id":"c28ed869-d85b-43c3-be62-ea78d4e63a38", "isDeleted:":"true", "version":"1685537784824"}}
{"logTime": "0906/113254", "correlationVector":"zeLEGw/rZuZJt860UEuxA+.3","action":"GetUpdates", "result":"DeleteReceived", "context":{"id":"761238b4-5b41-45fb-9717-0e7abe7a9e7b", "isDeleted:":"true", "version":"1687444442914"}}
{"logTime": "0906/113254", "correlationVector":"zeLEGw/rZuZJt860UEuxA+.4","action":"GetUpdates", "result":"DeleteReceived", "context":{"id":"1dcb2b57-2582-4bf7-8493-22622b40cd7f", "isDeleted:":"true", "version":"1687444442915"}}
{"logTime": "0906/113254", "correlationVector":"zeLEGw/rZuZJt860UEuxA+.5","action":"GetUpdates", "result":"DeleteReceived", "context":{"id":"26e553d1-7586-46dd-a496-7f121771f226", "isDeleted:":"true", "version":"1691644301324"}}
{"logTime": "0906/113254", "correlationVector":"zeLEGw/rZuZJt860UEuxA+.6","action":"GetUpdates", "result":"DeleteReceived", "context":{"id":"08d030aa-131d-4917-9a4a-22d12a9c6913", "isDeleted:":"true", "version":"1693076668532"}}
{"logTime": "0906/113254", "correlationVector":"zeLEGw/rZuZJt860UEuxA+.7","action":"GetUpdates Response", "result":"SYNCER_OK", "context":Received 21 update(s). cV=zeLEGw/rZuZJt860UEuxA+.0;server=GENERAL0100000B;cloudType=Consumer;environment=Prod_SoutheastAsia_000j;migrationStage=NotStarted}
{"logTime": "0906/113254", "correlationVector":"Xn2dEjUoKl9tqzjIRtYMyT","action":"SyncServerConnectionManagerRequest", "result":"SYNC_SERVER_OK", "context":{"environment":"", "migrationStage":"", "server":""}}
{"logTime": "0906/113254", "correlationVector":"9ahwg5FM1dEbS1J/XGhTGC","action":"Normal GetUpdate request", "result":"", "context":cV=9ahwg5FM1dEbS1J/XGhTGC
Nudged types: Sessions, User Consents
Refresh requested types: Bookmarks, Preferences, Passwords, Autofill Profiles, Autofill, Autofill Custom Data, Typed URLs, Extensions, Sessions, Extension settings, History Delete Directives, Device Info, User Consents, Send Tab To Self, Web Apps, Collection, Edge E Drop, Edge Hub App Usage, Encryption Keys}
{"logTime": "0906/113254", "correlationVector":"9ahwg5FM1dEbS1J/XGhTGC.1","action":"SyncServerConnectionManagerRequest", "result":"SYNC_SERVER_OK", "context":{"environment":"Prod_SoutheastAsia_000j", "migrationStage":"NotStarted", "server":"GENERAL01000010"}}
{"logTime": "0906/113254", "correlationVector":"9ahwg5FM1dEbS1J/XGhTGC.2","action":"GetUpdates Response", "result":"SYNCER_OK", "context":Received 3 update(s). cV=9ahwg5FM1dEbS1J/XGhTGC.0;server=GENERAL01000010;cloudType=Consumer;environment=Prod_SoutheastAsia_000j;migrationStage=NotStarted}
{"logTime": "0906/113254", "correlationVector":"BlBO5QSN3w2kjv5r76w2za","action":"Commit Request", "result":"", "context":Item count: 4
Contributing types: Sessions, User Consents}
{"logTime": "0906/113254", "correlationVector":"BlBO5QSN3w2kjv5r76w2za.1","action":"SyncServerConnectionManagerRequest", "result":"SYNC_SERVER_OK", "context":{"environment":"Prod_SoutheastAsia_000j", "migrationStage":"NotStarted", "server":"general01000014"}}
{"logTime": "0906/113254", "correlationVector":"BlBO5QSN3w2kjv5r76w2za.3","action":"Commit.Sessions", "result":"Success", "context":{"id":"a5a39515-3d64-41a6-87a3-0fe271354374", "isDeleted":"true", "size":"0", "version":"1693998482152"}}
{"logTime": "0906/113254", "correlationVector":"BlBO5QSN3w2kjv5r76w2za.2","action":"Commit Response", "result":"SYNCER_OK", "context":Result: SYNCER_OK. cV=BlBO5QSN3w2kjv5r76w2za.0;server=general01000014;cloudType=Consumer;environment=Prod_SoutheastAsia_000j;migrationStage=NotStarted}
{"logTime": "0906/113254", "correlationVector":"EMsVjdVo/kcj9ldl0bWcgw","action":"Normal GetUpdate request", "result":"", "context":cV=EMsVjdVo/kcj9ldl0bWcgw
Nudged types: Sessions
Refresh requested types: Bookmarks, Preferences, Passwords, Autofill Profiles, Autofill, Autofill Custom Data, Typed URLs, Extensions, Sessions, Extension settings, History Delete Directives, Device Info, User Consents, Send Tab To Self, Web Apps, Collection, Edge E Drop, Edge Hub App Usage, Encryption Keys}
{"logTime": "0906/113254", "correlationVector":"EMsVjdVo/kcj9ldl0bWcgw.1","action":"SyncServerConnectionManagerRequest", "result":"SYNC_SERVER_OK", "context":{"environment":"Prod_SoutheastAsia_000j", "migrationStage":"NotStarted", "server":"GENERAL01000003"}}
{"logTime": "0906/113254", "correlationVector":"EMsVjdVo/kcj9ldl0bWcgw.2","action":"GetUpdates", "result":"DeleteReceived", "context":{"id":"a5a39515-3d64-41a6-87a3-0fe271354374", "isDeleted:":"true", "version":"1693999966849"}}
{"logTime": "0906/113254", "correlationVector":"EMsVjdVo/kcj9ldl0bWcgw.3","action":"GetUpdates Response", "result":"SYNCER_OK", "context":Received 3 update(s). cV=EMsVjdVo/kcj9ldl0bWcgw.0;server=GENERAL01000003;cloudType=Consumer;environment=Prod_SoutheastAsia_000j;migrationStage=NotStarted}
{"logTime": "0906/113256", "correlationVector":"VCDf2aQOM0IXwWrZHB80Hj","action":"Normal GetUpdate request", "result":"", "context":cV=VCDf2aQOM0IXwWrZHB80Hj
Nudged types: Preferences, Sessions}
{"logTime": "0906/113256", "correlationVector":"VCDf2aQOM0IXwWrZHB80Hj.1","action":"SyncServerConnectionManagerRequest", "result":"SYNC_SERVER_OK", "context":{"environment":"Prod_SoutheastAsia_000j", "migrationStage":"NotStarted", "server":"GENERAL01000000"}}
{"logTime": "0906/113256", "correlationVector":"VCDf2aQOM0IXwWrZHB80Hj.2","action":"GetUpdates Response", "result":"SYNCER_OK", "context":Received 0 update(s). cV=VCDf2aQOM0IXwWrZHB80Hj.0;server=GENERAL01000000;cloudType=Consumer;environment=Prod_SoutheastAsia_000j;migrationStage=NotStarted}
{"logTime": "0906/113256", "correlationVector":"8tBqyMQFA9owcQrHb93DF2","action":"Commit Request", "result":"", "context":Item count: 3
Contributing types: Preferences, Sessions}
{"logTime": "0906/113256", "correlationVector":"8tBqyMQFA9owcQrHb93DF2.1","action":"SyncServerConnectionManagerRequest", "result":"SYNC_SERVER_OK", "context":{"environment":"Prod_SoutheastAsia_000j", "migrationStage":"NotStarted", "server":"GENERAL0100000V"}}
{"logTime": "0906/113256", "correlationVector":"8tBqyMQFA9owcQrHb93DF2.2","action":"Commit Response", "result":"SYNCER_OK", "context":Result: SYNCER_OK. cV=8tBqyMQFA9owcQrHb93DF2.0;server=GENERAL0100000V;cloudType=Consumer;environment=Prod_SoutheastAsia_000j;migrationStage=NotStarted}
{"logTime": "0907/095056", "correlationVector":"k8dx5PqwlmyUsMp93SKf0q.0","action":"FeedSettingFetch_homeCloud", "result":"0", "context":{}}
{"logTime": "0907/095056", "correlationVector":"pm8sUFwgdCXxzFNZiGY5Nd.1","action":"SyncServerConnectionManagerRequest", "result":"SYNC_SERVER_OK", "context":{"environment":"Prod_SoutheastAsia_000j", "migrationStage":"NotStarted", "server":"GENERAL0100000M"}}
{"logTime": "0907/095057", "correlationVector":"pm8sUFwgdCXxzFNZiGY5Nd","action":"Initial GetUpdates", "result":"", "context":Reason: NEW_CLIENT. cV=pm8sUFwgdCXxzFNZiGY5Nd}
{"logTime": "0907/095057", "correlationVector":"pm8sUFwgdCXxzFNZiGY5Nd.2","action":"GetUpdates Response", "result":"SYNCER_OK", "context":Received 1 update(s). cV=pm8sUFwgdCXxzFNZiGY5Nd.0;server=GENERAL0100000M;cloudType=Consumer;environment=Prod_SoutheastAsia_000j;migrationStage=NotStarted}
{"logTime": "0907/095057", "correlationVector":"HSqqgmm7DVd5tk00ymLLxO","action":"Initial GetUpdates", "result":"", "context":Reason: NEWLY_SUPPORTED_DATATYPE. cV=HSqqgmm7DVd5tk00ymLLxO}
{"logTime": "0907/095057", "correlationVector":"HSqqgmm7DVd5tk00ymLLxO.1","action":"SyncServerConnectionManagerRequest", "result":"SYNC_SERVER_OK", "context":{"environment":"Prod_SoutheastAsia_000j", "migrationStage":"NotStarted", "server":"GENERAL0100000J"}}
{"logTime": "0907/095057", "correlationVector":"HSqqgmm7DVd5tk00ymLLxO.2","action":"GetUpdates", "result":"DeleteReceived", "context":{"id":"c28ed869-d85b-43c3-be62-ea78d4e63a38", "isDeleted:":"true", "version":"1685537784824"}}
{"logTime": "0907/095057", "correlationVector":"HSqqgmm7DVd5tk00ymLLxO.3","action":"GetUpdates", "result":"DeleteReceived", "context":{"id":"761238b4-5b41-45fb-9717-0e7abe7a9e7b", "isDeleted:":"true", "version":"1687444442914"}}
{"logTime": "0907/095057", "correlationVector":"HSqqgmm7DVd5tk00ymLLxO.4","action":"GetUpdates", "result":"DeleteReceived", "context":{"id":"1dcb2b57-2582-4bf7-8493-22622b40cd7f", "isDeleted:":"true", "version":"1687444442915"}}
{"logTime": "0907/095057", "correlationVector":"HSqqgmm7DVd5tk00ymLLxO.5","action":"GetUpdates", "result":"DeleteReceived", "context":{"id":"26e553d1-7586-46dd-a496-7f121771f226", "isDeleted:":"true", "version":"1691644301324"}}
{"logTime": "0907/095057", "correlationVector":"HSqqgmm7DVd5tk00ymLLxO.6","action":"GetUpdates", "result":"DeleteReceived", "context":{"id":"08d030aa-131d-4917-9a4a-22d12a9c6913", "isDeleted:":"true", "version":"1693076668532"}}
{"logTime": "0907/095057", "correlationVector":"HSqqgmm7DVd5tk00ymLLxO.7","action":"GetUpdates Response", "result":"SYNCER_OK", "context":Received 21 update(s). cV=HSqqgmm7DVd5tk00ymLLxO.0;server=GENERAL0100000J;cloudType=Consumer;environment=Prod_SoutheastAsia_000j;migrationStage=NotStarted}
{"logTime": "0907/095058", "correlationVector":"VcQ/1pPhCDpDUFtvqfye7E","action":"SyncServerConnectionManagerRequest", "result":"SYNC_SERVER_OK", "context":{"environment":"", "migrationStage":"", "server":""}}
{"logTime": "0907/095058", "correlationVector":"Of0mBq0E3UgMVyzmeHh0j1","action":"Normal GetUpdate request", "result":"", "context":cV=Of0mBq0E3UgMVyzmeHh0j1
Nudged types: Sessions, User Consents
Refresh requested types: Bookmarks, Preferences, Passwords, Autofill Profiles, Autofill, Autofill Custom Data, Typed URLs, Extensions, Sessions, Extension settings, History Delete Directives, Device Info, User Consents, Send Tab To Self, Web Apps, Collection, Edge E Drop, Edge Hub App Usage, Encryption Keys}
{"logTime": "0907/095103", "correlationVector":"Of0mBq0E3UgMVyzmeHh0j1.1","action":"SyncServerConnectionManagerRequest", "result":"SYNC_SERVER_OK", "context":{"environment":"Prod_SoutheastAsia_000j", "migrationStage":"NotStarted", "server":"GENERAL0100000E"}}
{"logTime": "0907/095103", "correlationVector":"Of0mBq0E3UgMVyzmeHh0j1.2","action":"GetUpdates", "result":"DeleteReceived", "context":{"id":"4740b8f5-de60-48fd-bc05-9ce812b11baf", "isDeleted:":"true", "version":"1694008256272"}}
{"logTime": "0907/095103", "correlationVector":"Of0mBq0E3UgMVyzmeHh0j1.3","action":"GetUpdates", "result":"DeleteReceived", "context":{"id":"87c40285-b557-4ab0-a5eb-562d1728fb2e", "isDeleted:":"true", "version":"1694013141895"}}
{"logTime": "0907/095103", "correlationVector":"Of0mBq0E3UgMVyzmeHh0j1.4","action":"GetUpdates", "result":"DeleteReceived", "context":{"id":"8d716e75-9622-4c57-ba9f-75b842f7124a", "isDeleted:":"true", "version":"1694013627396"}}
{"logTime": "0907/095103", "correlationVector":"Of0mBq0E3UgMVyzmeHh0j1.5","action":"GetUpdates", "result":"DeleteReceived", "context":{"id":"c69d59a9-3fe1-42d3-af80-bbb545da2414", "isDeleted:":"true", "version":"1694013627397"}}
{"logTime": "0907/095103", "correlationVector":"Of0mBq0E3UgMVyzmeHh0j1.6","action":"GetUpdates", "result":"DeleteReceived", "context":{"id":"3aa56045-60bc-4a99-a794-60dfdcc0bef6", "isDeleted:":"true", "version":"1694016968033"}}
{"logTime": "0907/095103", "correlationVector":"Of0mBq0E3UgMVyzmeHh0j1.7","action":"GetUpdates", "result":"DeleteReceived", "context":{"id":"18a0dabd-038a-4fab-b86d-d533905a38ef", "isDeleted:":"true", "version":"1694080208772"}}
{"logTime": "0907/095103", "correlationVector":"Of0mBq0E3UgMVyzmeHh0j1.8","action":"GetUpdates", "result":"DeleteReceived", "context":{"id":"965ef0b4-f36c-4b3a-8d37-7ef61fcb335d", "isDeleted:":"true", "version":"1694080208773"}}
{"logTime": "0907/095103", "correlationVector":"Of0mBq0E3UgMVyzmeHh0j1.9","action":"GetUpdates", "result":"DeleteReceived", "context":{"id":"e45dde8e-b7ac-4c93-a5a6-56ae3e57bec8", "isDeleted:":"true", "version":"1694080208774"}}
{"logTime": "0907/095103", "correlationVector":"Of0mBq0E3UgMVyzmeHh0j1.10","action":"GetUpdates", "result":"DeleteReceived", "context":{"id":"5fe5cf54-998c-4ab7-abc9-4bfb107ba4c0", "isDeleted:":"true", "version":"1694080208775"}}
{"logTime": "0907/095103", "correlationVector":"Of0mBq0E3UgMVyzmeHh0j1.11","action":"GetUpdates Response", "result":"SYNCER_OK", "context":Received 22 update(s). cV=Of0mBq0E3UgMVyzmeHh0j1.0;server=GENERAL0100000E;cloudType=Consumer;environment=Prod_SoutheastAsia_000j;migrationStage=NotStarted}
{"logTime": "0907/095103", "correlationVector":"g/7dxfAYdzHGePt8KPUCVi","action":"Commit Request", "result":"", "context":Item count: 1
Contributing types: User Consents}
{"logTime": "0907/095105", "correlationVector":"g/7dxfAYdzHGePt8KPUCVi.1","action":"SyncServerConnectionManagerRequest", "result":"SYNC_SERVER_OK", "context":{"environment":"Prod_SoutheastAsia_000j", "migrationStage":"NotStarted", "server":"GENERAL01000003"}}
{"logTime": "0907/095105", "correlationVector":"g/7dxfAYdzHGePt8KPUCVi.2","action":"Commit Response", "result":"SYNCER_OK", "context":Result: SYNCER_OK. cV=g/7dxfAYdzHGePt8KPUCVi.0;server=GENERAL01000003;cloudType=Consumer;environment=Prod_SoutheastAsia_000j;migrationStage=NotStarted}
{"logTime": "0907/095105", "correlationVector":"+YHymi9qcMkaMYLW+nzZM3","action":"Poll GetUpdate request", "result":"", "context":cV=+YHymi9qcMkaMYLW+nzZM3}
{"logTime": "0907/095106", "correlationVector":"+YHymi9qcMkaMYLW+nzZM3.1","action":"SyncServerConnectionManagerRequest", "result":"SYNC_SERVER_OK", "context":{"environment":"Prod_SoutheastAsia_000j", "migrationStage":"NotStarted", "server":"GENERAL01000017"}}
{"logTime": "0907/095107", "correlationVector":"+YHymi9qcMkaMYLW+nzZM3.2","action":"GetUpdates Response", "result":"SYNCER_OK", "context":Received 0 update(s). cV=+YHymi9qcMkaMYLW+nzZM3.0;server=GENERAL01000017;cloudType=Consumer;environment=Prod_SoutheastAsia_000j;migrationStage=NotStarted}
{"logTime": "0907/095107", "correlationVector":"Sz9S+ESwpXvkU8b8jieQi4","action":"Normal GetUpdate request", "result":"", "context":cV=Sz9S+ESwpXvkU8b8jieQi4
Nudged types: Preferences, Sessions
Refresh requested types: Bookmarks, Preferences, Passwords, Autofill Profiles, Autofill, Autofill Custom Data, Typed URLs, Extensions, Sessions, Extension settings, History Delete Directives, Device Info, User Consents, Send Tab To Self, Web Apps, Collection, Edge E Drop, Edge Hub App Usage, Encryption Keys}
{"logTime": "0907/095108", "correlationVector":"Sz9S+ESwpXvkU8b8jieQi4.1","action":"SyncServerConnectionManagerRequest", "result":"SYNC_SERVER_OK", "context":{"environment":"Prod_SoutheastAsia_000j", "migrationStage":"NotStarted", "server":"GENERAL01000016"}}
{"logTime": "0907/095108", "correlationVector":"Sz9S+ESwpXvkU8b8jieQi4.2","action":"GetUpdates Response", "result":"SYNCER_OK", "context":Received 0 update(s). cV=Sz9S+ESwpXvkU8b8jieQi4.0;server=GENERAL01000016;cloudType=Consumer;environment=Prod_SoutheastAsia_000j;migrationStage=NotStarted}
{"logTime": "0907/095108", "correlationVector":"RDvGD9JWpz0U1lqdMNBSFQ","action":"Commit Request", "result":"", "context":Item count: 2
Contributing types: Sessions}
{"logTime": "0907/095108", "correlationVector":"RDvGD9JWpz0U1lqdMNBSFQ.1","action":"SyncServerConnectionManagerRequest", "result":"SYNC_SERVER_OK", "context":{"environment":"Prod_SoutheastAsia_000j", "migrationStage":"NotStarted", "server":"GENERAL0100000R"}}
{"logTime": "0907/095108", "correlationVector":"RDvGD9JWpz0U1lqdMNBSFQ.2","action":"Commit Response", "result":"SYNCER_OK", "context":Result: SYNCER_OK. cV=RDvGD9JWpz0U1lqdMNBSFQ.0;server=GENERAL0100000R;cloudType=Consumer;environment=Prod_SoutheastAsia_000j;migrationStage=NotStarted}
{"logTime": "0908/082121", "correlationVector":"+bY96uyWAvHab9E/uQcLtI.0","action":"FeedSettingFetch_homeCloud", "result":"0", "context":{}}
{"logTime": "0908/082121", "correlationVector":"3YdYPJ16PCBGL1X4gSNHDo.1","action":"SyncServerConnectionManagerRequest", "result":"SYNC_SERVER_OK", "context":{"environment":"Prod_SoutheastAsia_000j", "migrationStage":"NotStarted", "server":"GENERAL0100001D"}}
{"logTime": "0908/082121", "correlationVector":"3YdYPJ16PCBGL1X4gSNHDo","action":"Initial GetUpdates", "result":"", "context":Reason: NEW_CLIENT. cV=3YdYPJ16PCBGL1X4gSNHDo}
{"logTime": "0908/082121", "correlationVector":"3YdYPJ16PCBGL1X4gSNHDo.2","action":"GetUpdates Response", "result":"SYNCER_OK", "context":Received 1 update(s). cV=3YdYPJ16PCBGL1X4gSNHDo.0;server=GENERAL0100001D;cloudType=Consumer;environment=Prod_SoutheastAsia_000j;migrationStage=NotStarted}
{"logTime": "0908/082121", "correlationVector":"YKIaqhcIWaFlCJUskFYg58","action":"Initial GetUpdates", "result":"", "context":Reason: NEWLY_SUPPORTED_DATATYPE. cV=YKIaqhcIWaFlCJUskFYg58}
{"logTime": "0908/082121", "correlationVector":"YKIaqhcIWaFlCJUskFYg58.1","action":"SyncServerConnectionManagerRequest", "result":"SYNC_SERVER_OK", "context":{"environment":"Prod_SoutheastAsia_000j", "migrationStage":"NotStarted", "server":"GENERAL0100001D"}}
{"logTime": "0908/082121", "correlationVector":"YKIaqhcIWaFlCJUskFYg58.2","action":"GetUpdates", "result":"DeleteReceived", "context":{"id":"c28ed869-d85b-43c3-be62-ea78d4e63a38", "isDeleted:":"true", "version":"1685537784824"}}
{"logTime": "0908/082121", "correlationVector":"YKIaqhcIWaFlCJUskFYg58.3","action":"GetUpdates", "result":"DeleteReceived", "context":{"id":"761238b4-5b41-45fb-9717-0e7abe7a9e7b", "isDeleted:":"true", "version":"1687444442914"}}
{"logTime": "0908/082121", "correlationVector":"YKIaqhcIWaFlCJUskFYg58.4","action":"GetUpdates", "result":"DeleteReceived", "context":{"id":"1dcb2b57-2582-4bf7-8493-22622b40cd7f", "isDeleted:":"true", "version":"1687444442915"}}
{"logTime": "0908/082121", "correlationVector":"YKIaqhcIWaFlCJUskFYg58.5","action":"GetUpdates", "result":"DeleteReceived", "context":{"id":"26e553d1-7586-46dd-a496-7f121771f226", "isDeleted:":"true", "version":"1691644301324"}}
{"logTime": "0908/082121", "correlationVector":"YKIaqhcIWaFlCJUskFYg58.6","action":"GetUpdates", "result":"DeleteReceived", "context":{"id":"08d030aa-131d-4917-9a4a-22d12a9c6913", "isDeleted:":"true", "version":"1693076668532"}}
{"logTime": "0908/082121", "correlationVector":"YKIaqhcIWaFlCJUskFYg58.7","action":"GetUpdates Response", "result":"SYNCER_OK", "context":Received 21 update(s). cV=YKIaqhcIWaFlCJUskFYg58.0;server=GENERAL0100001D;cloudType=Consumer;environment=Prod_SoutheastAsia_000j;migrationStage=NotStarted}
{"logTime": "0908/082121", "correlationVector":"3QOnM3jZ7A7k2gQoD7n00C","action":"Normal GetUpdate request", "result":"", "context":cV=3QOnM3jZ7A7k2gQoD7n00C
Nudged types: Sessions, Device Info, User Consents
Refresh requested types: Bookmarks, Preferences, Passwords, Autofill Profiles, Autofill, Autofill Custom Data, Typed URLs, Extensions, Sessions, Extension settings, History Delete Directives, Device Info, User Consents, Send Tab To Self, Web Apps, Collection, Edge E Drop, Edge Hub App Usage, Encryption Keys}
{"logTime": "0908/082121", "correlationVector":"3QOnM3jZ7A7k2gQoD7n00C.1","action":"SyncServerConnectionManagerRequest", "result":"SYNC_SERVER_OK", "context":{"environment":"Prod_SoutheastAsia_000j", "migrationStage":"NotStarted", "server":"GENERAL0100000P"}}
{"logTime": "0908/082121", "correlationVector":"3QOnM3jZ7A7k2gQoD7n00C.2","action":"GetUpdates", "result":"DeleteReceived", "context":{"id":"09bb22d6-2d37-4895-9f32-6c9208021d0e", "isDeleted:":"true", "version":"1694084050148"}}
{"logTime": "0908/082121", "correlationVector":"3QOnM3jZ7A7k2gQoD7n00C.3","action":"GetUpdates", "result":"DeleteReceived", "context":{"id":"f1d262cf-c1cb-45d3-b9b2-b7c48fadd6ba", "isDeleted:":"true", "version":"1694100232730"}}
{"logTime": "0908/082121", "correlationVector":"3QOnM3jZ7A7k2gQoD7n00C.4","action":"GetUpdates", "result":"DeleteReceived", "context":{"id":"76f92a78-2e5e-4168-b8bc-ca8007080f85", "isDeleted:":"true", "version":"1694100639499"}}
{"logTime": "0908/082121", "correlationVector":"3QOnM3jZ7A7k2gQoD7n00C.5","action":"GetUpdates", "result":"DeleteReceived", "context":{"id":"7b2acde8-eb7e-429c-8c91-fa81e08beb67", "isDeleted:":"true", "version":"1694104332784"}}
{"logTime": "0908/082121", "correlationVector":"3QOnM3jZ7A7k2gQoD7n00C.6","action":"GetUpdates", "result":"DeleteReceived", "context":{"id":"d7177e3d-a705-4672-baa8-0aabd2bfde1f", "isDeleted:":"true", "version":"1694158424143"}}
{"logTime": "0908/082121", "correlationVector":"3QOnM3jZ7A7k2gQoD7n00C.7","action":"GetUpdates", "result":"DeleteReceived", "context":{"id":"bd52cf5f-7772-4014-9c31-b17925dad773", "isDeleted:":"true", "version":"1694158424144"}}
{"logTime": "0908/082121", "correlationVector":"3QOnM3jZ7A7k2gQoD7n00C.8","action":"GetUpdates", "result":"DeleteReceived", "context":{"id":"aab98fb7-f361-4f3c-b21b-645bbc694731", "isDeleted:":"true", "version":"1694158424145"}}
{"logTime": "0908/082121", "correlationVector":"3QOnM3jZ7A7k2gQoD7n00C.9","action":"GetUpdates", "result":"DeleteReceived", "context":{"id":"c047c5e0-f5e8-4a0f-837a-78043b4f13c6", "isDeleted:":"true", "version":"1694158424146"}}
{"logTime": "0908/082121", "correlationVector":"3QOnM3jZ7A7k2gQoD7n00C.10","action":"GetUpdates", "result":"DeleteReceived", "context":{"id":"7119f0a1-1f5d-40b0-a0ba-b16161765023", "isDeleted:":"true", "version":"1694158424148"}}
{"logTime": "0908/082121", "correlationVector":"3QOnM3jZ7A7k2gQoD7n00C.11","action":"GetUpdates", "result":"DeleteReceived", "context":{"id":"0e946489-5f69-4288-9844-45971567833f", "isDeleted:":"true", "version":"1694160991994"}}
{"logTime": "0908/082121", "correlationVector":"3QOnM3jZ7A7k2gQoD7n00C.12","action":"GetUpdates Response", "result":"SYNCER_OK", "context":Received 20 update(s). cV=3QOnM3jZ7A7k2gQoD7n00C.0;server=GENERAL0100000P;cloudType=Consumer;environment=Prod_SoutheastAsia_000j;migrationStage=NotStarted}
{"logTime": "0908/082121", "correlationVector":"dNAb5Gy60wBKZ9mA3xaWj/","action":"Commit Request", "result":"", "context":Item count: 4
Contributing types: Sessions, User Consents}
{"logTime": "0908/082121", "correlationVector":"dNAb5Gy60wBKZ9mA3xaWj/.1","action":"SyncServerConnectionManagerRequest", "result":"SYNC_SERVER_OK", "context":{"environment":"Prod_SoutheastAsia_000j", "migrationStage":"NotStarted", "server":"GENERAL0100001K"}}
{"logTime": "0908/082121", "correlationVector":"dNAb5Gy60wBKZ9mA3xaWj/.3","action":"Commit.Sessions", "result":"Success", "context":{"id":"b498c863-12ef-4b69-8c07-1755661c9971", "isDeleted":"true", "size":"0", "version":"1694080266815"}}
{"logTime": "0908/082121", "correlationVector":"dNAb5Gy60wBKZ9mA3xaWj/.2","action":"Commit Response", "result":"SYNCER_OK", "context":Result: SYNCER_OK. cV=dNAb5Gy60wBKZ9mA3xaWj/.0;server=GENERAL0100001K;cloudType=Consumer;environment=Prod_SoutheastAsia_000j;migrationStage=NotStarted}
{"logTime": "0908/082121", "correlationVector":"EqHIopEnyKTdmIizI8Jiwc","action":"Poll GetUpdate request", "result":"", "context":cV=EqHIopEnyKTdmIizI8Jiwc}
{"logTime": "0908/082121", "correlationVector":"EqHIopEnyKTdmIizI8Jiwc.1","action":"SyncServerConnectionManagerRequest", "result":"SYNC_SERVER_OK", "context":{"environment":"Prod_SoutheastAsia_000j", "migrationStage":"NotStarted", "server":"GENERAL0100000M"}}
{"logTime": "0908/082121", "correlationVector":"EqHIopEnyKTdmIizI8Jiwc.2","action":"GetUpdates", "result":"DeleteReceived", "context":{"id":"b498c863-12ef-4b69-8c07-1755661c9971", "isDeleted:":"true", "version":"1694161269851"}}
{"logTime": "0908/082121", "correlationVector":"EqHIopEnyKTdmIizI8Jiwc.3","action":"GetUpdates Response", "result":"SYNCER_OK", "context":Received 3 update(s). cV=EqHIopEnyKTdmIizI8Jiwc.0;server=GENERAL0100000M;cloudType=Consumer;environment=Prod_SoutheastAsia_000j;migrationStage=NotStarted}
{"logTime": "0908/082124", "correlationVector":"cpsEdvKut3BxEHFrE/ikRR","action":"SyncServerConnectionManagerRequest", "result":"SYNC_SERVER_OK", "context":{"environment":"", "migrationStage":"", "server":""}}
{"logTime": "0908/082124", "correlationVector":"qI52ThO3jLgpXKS8AI7sGt","action":"Normal GetUpdate request", "result":"", "context":cV=qI52ThO3jLgpXKS8AI7sGt
Nudged types: Preferences, Sessions
Notified types: Autofill Profiles}
{"logTime": "0908/082124", "correlationVector":"qI52ThO3jLgpXKS8AI7sGt.1","action":"SyncServerConnectionManagerRequest", "result":"SYNC_SERVER_OK", "context":{"environment":"Prod_SoutheastAsia_000j", "migrationStage":"NotStarted", "server":"GENERAL01000019"}}
{"logTime": "0908/082124", "correlationVector":"qI52ThO3jLgpXKS8AI7sGt.2","action":"GetUpdates Response", "result":"SYNCER_OK", "context":Received 0 update(s). cV=qI52ThO3jLgpXKS8AI7sGt.0;server=GENERAL01000019;cloudType=Consumer;environment=Prod_SoutheastAsia_000j;migrationStage=NotStarted}
{"logTime": "0908/082124", "correlationVector":"3wi+PgHPEUaijdjCnbg/Nt","action":"Commit Request", "result":"", "context":Item count: 3
Contributing types: Preferences, Sessions}
{"logTime": "0908/082124", "correlationVector":"3wi+PgHPEUaijdjCnbg/Nt.1","action":"SyncServerConnectionManagerRequest", "result":"SYNC_SERVER_OK", "context":{"environment":"Prod_SoutheastAsia_000j", "migrationStage":"NotStarted", "server":"general01000014"}}
{"logTime": "0908/082124", "correlationVector":"3wi+PgHPEUaijdjCnbg/Nt.2","action":"Commit Response", "result":"SYNCER_OK", "context":Result: SYNCER_OK. cV=3wi+PgHPEUaijdjCnbg/Nt.0;server=general01000014;cloudType=Consumer;environment=Prod_SoutheastAsia_000j;migrationStage=NotStarted}
{"logTime": "0908/082124", "correlationVector":"EFqphsGOW6t2/HiKrOshyv","action":"Normal GetUpdate request", "result":"", "context":cV=EFqphsGOW6t2/HiKrOshyv
Nudged types: Preferences, Sessions
Refresh requested types: Bookmarks, Preferences, Passwords, Autofill Profiles, Autofill, Autofill Custom Data, Typed URLs, Extensions, Sessions, Extension settings, History Delete Directives, Device Info, User Consents, Send Tab To Self, Web Apps, Collection, Edge E Drop, Edge Hub App Usage, Encryption Keys}
{"logTime": "0908/082125", "correlationVector":"EFqphsGOW6t2/HiKrOshyv.1","action":"SyncServerConnectionManagerRequest", "result":"SYNC_SERVER_OK", "context":{"environment":"Prod_SoutheastAsia_000j", "migrationStage":"NotStarted", "server":"GENERAL0100000Y"}}
{"logTime": "0908/082125", "correlationVector":"EFqphsGOW6t2/HiKrOshyv.2","action":"GetUpdates Response", "result":"SYNCER_OK", "context":Received 3 update(s). cV=EFqphsGOW6t2/HiKrOshyv.0;server=GENERAL0100000Y;cloudType=Consumer;environment=Prod_SoutheastAsia_000j;migrationStage=NotStarted}
{"logTime": "0908/082838", "correlationVector":"wDJJDx2hkAQ56JK3i8TTA1.0","action":"FeedSettingFetch_homeCloud", "result":"0", "context":{}}
{"logTime": "0908/082838", "correlationVector":"Yi3E/hy6iCCXLXh5AuopRe.1","action":"SyncServerConnectionManagerRequest", "result":"SYNC_SERVER_OK", "context":{"environment":"Prod_EastAsia_000d", "migrationStage":"NotStarted", "server":"GENERAL0100000R"}}
{"logTime": "0908/082838", "correlationVector":"Yi3E/hy6iCCXLXh5AuopRe","action":"Initial GetUpdates", "result":"", "context":Reason: NEW_CLIENT. cV=Yi3E/hy6iCCXLXh5AuopRe}
{"logTime": "0908/082838", "correlationVector":"Yi3E/hy6iCCXLXh5AuopRe.2","action":"GetUpdates Response", "result":"SYNCER_OK", "context":Received 1 update(s). cV=Yi3E/hy6iCCXLXh5AuopRe.0;server=GENERAL0100000R;cloudType=Consumer;environment=Prod_EastAsia_000d;migrationStage=NotStarted}
{"logTime": "0908/082838", "correlationVector":"NlmncUEyD1BfCdpSf+LhMQ","action":"Initial GetUpdates", "result":"", "context":Reason: NEWLY_SUPPORTED_DATATYPE. cV=NlmncUEyD1BfCdpSf+LhMQ}
{"logTime": "0908/082838", "correlationVector":"NlmncUEyD1BfCdpSf+LhMQ.1","action":"SyncServerConnectionManagerRequest", "result":"SYNC_SERVER_OK", "context":{"environment":"Prod_EastAsia_000d", "migrationStage":"NotStarted", "server":"GENERAL0100000Y"}}
{"logTime": "0908/082838", "correlationVector":"NlmncUEyD1BfCdpSf+LhMQ.2","action":"GetUpdates Response", "result":"SYNCER_OK", "context":Received 0 update(s). cV=NlmncUEyD1BfCdpSf+LhMQ.0;server=GENERAL0100000Y;cloudType=Consumer;environment=Prod_EastAsia_000d;migrationStage=NotStarted}
{"logTime": "0908/082838", "correlationVector":"YrimoegyQuhdUzt9sbiAPl","action":"Initial GetUpdates", "result":"", "context":Reason: NEWLY_SUPPORTED_DATATYPE. cV=YrimoegyQuhdUzt9sbiAPl}
{"logTime": "0908/082838", "correlationVector":"YrimoegyQuhdUzt9sbiAPl.1","action":"SyncServerConnectionManagerRequest", "result":"SYNC_SERVER_OK", "context":{"environment":"Prod_EastAsia_000d", "migrationStage":"NotStarted", "server":"GENERAL0100000I"}}
{"logTime": "0908/082838", "correlationVector":"YrimoegyQuhdUzt9sbiAPl.2","action":"GetUpdates", "result":"DeleteReceived", "context":{"id":"c28ed869-d85b-43c3-be62-ea78d4e63a38", "isDeleted:":"true", "version":"1685537784824"}}
{"logTime": "0908/082838", "correlationVector":"YrimoegyQuhdUzt9sbiAPl.3","action":"GetUpdates", "result":"DeleteReceived", "context":{"id":"761238b4-5b41-45fb-9717-0e7abe7a9e7b", "isDeleted:":"true", "version":"1687444442914"}}
{"logTime": "0908/082838", "correlationVector":"YrimoegyQuhdUzt9sbiAPl.4","action":"GetUpdates", "result":"DeleteReceived", "context":{"id":"1dcb2b57-2582-4bf7-8493-22622b40cd7f", "isDeleted:":"true", "version":"1687444442915"}}
{"logTime": "0908/082838", "correlationVector":"YrimoegyQuhdUzt9sbiAPl.5","action":"GetUpdates", "result":"DeleteReceived", "context":{"id":"26e553d1-7586-46dd-a496-7f121771f226", "isDeleted:":"true", "version":"1691644301324"}}
{"logTime": "0908/082838", "correlationVector":"YrimoegyQuhdUzt9sbiAPl.6","action":"GetUpdates", "result":"DeleteReceived", "context":{"id":"08d030aa-131d-4917-9a4a-22d12a9c6913", "isDeleted:":"true", "version":"1693076668532"}}
{"logTime": "0908/082838", "correlationVector":"YrimoegyQuhdUzt9sbiAPl.7","action":"GetUpdates Response", "result":"SYNCER_OK", "context":Received 21 update(s). cV=YrimoegyQuhdUzt9sbiAPl.0;server=GENERAL0100000I;cloudType=Consumer;environment=Prod_EastAsia_000d;migrationStage=NotStarted}
{"logTime": "0908/082838", "correlationVector":"0FzE1uUHAim8Ij2ZfnphzN","action":"SyncServerConnectionManagerRequest", "result":"SYNC_SERVER_OK", "context":{"environment":"", "migrationStage":"", "server":""}}
{"logTime": "0908/082838", "correlationVector":"yzfrEnFxAw+Luz8cYfuLiK","action":"Normal GetUpdate request", "result":"", "context":cV=yzfrEnFxAw+Luz8cYfuLiK
Nudged types: Sessions, User Consents
Refresh requested types: Bookmarks, Preferences, Passwords, Autofill Profiles, Autofill, Autofill Custom Data, Typed URLs, Extensions, Sessions, Extension settings, History Delete Directives, Device Info, User Consents, Send Tab To Self, Web Apps, Collection, Edge E Drop, Edge Hub App Usage, Encryption Keys}
{"logTime": "0908/082838", "correlationVector":"yzfrEnFxAw+Luz8cYfuLiK.1","action":"SyncServerConnectionManagerRequest", "result":"SYNC_SERVER_OK", "context":{"environment":"Prod_EastAsia_000d", "migrationStage":"NotStarted", "server":"GENERAL01000002"}}
{"logTime": "0908/082838", "correlationVector":"yzfrEnFxAw+Luz8cYfuLiK.2","action":"GetUpdates", "result":"DeleteReceived", "context":{"id":"4809f386-4351-4ffb-bc67-33ce272201a4", "isDeleted:":"true", "version":"1694161645108"}}
{"logTime": "0908/082838", "correlationVector":"yzfrEnFxAw+Luz8cYfuLiK.3","action":"GetUpdates Response", "result":"SYNCER_OK", "context":Received 3 update(s). cV=yzfrEnFxAw+Luz8cYfuLiK.0;server=GENERAL01000002;cloudType=Consumer;environment=Prod_EastAsia_000d;migrationStage=NotStarted}
{"logTime": "0908/082838", "correlationVector":"BAp+mgxP7TirtlB/nfcqFP","action":"Commit Request", "result":"", "context":Item count: 4
Contributing types: Sessions, User Consents}
{"logTime": "0908/082838", "correlationVector":"BAp+mgxP7TirtlB/nfcqFP.1","action":"SyncServerConnectionManagerRequest", "result":"SYNC_SERVER_OK", "context":{"environment":"Prod_EastAsia_000d", "migrationStage":"NotStarted", "server":"GENERAL0100000S"}}
{"logTime": "0908/082838", "correlationVector":"BAp+mgxP7TirtlB/nfcqFP.2","action":"Commit Response", "result":"SYNCER_OK", "context":Result: SYNCER_OK. cV=BAp+mgxP7TirtlB/nfcqFP.0;server=GENERAL0100000S;cloudType=Consumer;environment=Prod_EastAsia_000d;migrationStage=NotStarted}
{"logTime": "0908/082838", "correlationVector":"BAp+mgxP7TirtlB/nfcqFP.3","action":"Commit.Sessions", "result":"Success", "context":{"id":"d70bf71d-3093-4cee-8294-192b7b30f539", "isDeleted":"true", "size":"0", "version":"1694161645107"}}
{"logTime": "0908/082838", "correlationVector":"tphxUa0INQDkwXigEV3Uij","action":"Normal GetUpdate request", "result":"", "context":cV=tphxUa0INQDkwXigEV3Uij
Nudged types: Sessions
Refresh requested types: Bookmarks, Preferences, Passwords, Autofill Profiles, Autofill, Autofill Custom Data, Typed URLs, Extensions, Sessions, Extension settings, History Delete Directives, Device Info, User Consents, Send Tab To Self, Web Apps, Collection, Edge E Drop, Edge Hub App Usage, Encryption Keys}
{"logTime": "0908/082838", "correlationVector":"tphxUa0INQDkwXigEV3Uij.1","action":"SyncServerConnectionManagerRequest", "result":"SYNC_SERVER_OK", "context":{"environment":"Prod_EastAsia_000d", "migrationStage":"NotStarted", "server":"GENERAL0100001Z"}}
{"logTime": "0908/082838", "correlationVector":"tphxUa0INQDkwXigEV3Uij.2","action":"GetUpdates", "result":"DeleteReceived", "context":{"id":"d70bf71d-3093-4cee-8294-192b7b30f539", "isDeleted:":"true", "version":"1694161711077"}}
{"logTime": "0908/082838", "correlationVector":"tphxUa0INQDkwXigEV3Uij.3","action":"GetUpdates Response", "result":"SYNCER_OK", "context":Received 3 update(s). cV=tphxUa0INQDkwXigEV3Uij.0;server=GENERAL0100001Z;cloudType=Consumer;environment=Prod_EastAsia_000d;migrationStage=NotStarted}
{"logTime": "0908/082841", "correlationVector":"XntfIQh6JB6wEnSG8YxIWP","action":"Normal GetUpdate request", "result":"", "context":cV=XntfIQh6JB6wEnSG8YxIWP
Nudged types: Preferences, Sessions}
{"logTime": "0908/082841", "correlationVector":"XntfIQh6JB6wEnSG8YxIWP.1","action":"SyncServerConnectionManagerRequest", "result":"SYNC_SERVER_OK", "context":{"environment":"Prod_EastAsia_000d", "migrationStage":"NotStarted", "server":"GENERAL0100002C"}}
{"logTime": "0908/082841", "correlationVector":"XntfIQh6JB6wEnSG8YxIWP.2","action":"GetUpdates Response", "result":"SYNCER_OK", "context":Received 0 update(s). cV=XntfIQh6JB6wEnSG8YxIWP.0;server=GENERAL0100002C;cloudType=Consumer;environment=Prod_EastAsia_000d;migrationStage=NotStarted}
{"logTime": "0908/082841", "correlationVector":"jtwyCbddQF8ds12pHDsWk1","action":"Commit Request", "result":"", "context":Item count: 3
Contributing types: Preferences, Sessions}
{"logTime": "0908/082841", "correlationVector":"jtwyCbddQF8ds12pHDsWk1.1","action":"SyncServerConnectionManagerRequest", "result":"SYNC_SERVER_OK", "context":{"environment":"Prod_EastAsia_000d", "migrationStage":"NotStarted", "server":"GENERAL0100001G"}}
{"logTime": "0908/082841", "correlationVector":"jtwyCbddQF8ds12pHDsWk1.2","action":"Commit Response", "result":"SYNCER_OK", "context":Result: SYNCER_OK. cV=jtwyCbddQF8ds12pHDsWk1.0;server=GENERAL0100001G;cloudType=Consumer;environment=Prod_EastAsia_000d;migrationStage=NotStarted}
{"logTime": "0908/083101", "correlationVector":"risiMcaVnCntol2SjUlGSt.0","action":"FeedSettingFetch_homeCloud", "result":"0", "context":{}}
{"logTime": "0908/083101", "correlationVector":"lCfkkm5aTWhZJO5P6YsYF9.1","action":"SyncServerConnectionManagerRequest", "result":"SYNC_SERVER_OK", "context":{"environment":"Prod_SoutheastAsia_000j", "migrationStage":"NotStarted", "server":"GENERAL0100000L"}}
{"logTime": "0908/083101", "correlationVector":"lCfkkm5aTWhZJO5P6YsYF9","action":"Initial GetUpdates", "result":"", "context":Reason: NEW_CLIENT. cV=lCfkkm5aTWhZJO5P6YsYF9}
{"logTime": "0908/083101", "correlationVector":"lCfkkm5aTWhZJO5P6YsYF9.2","action":"GetUpdates Response", "result":"SYNCER_OK", "context":Received 1 update(s). cV=lCfkkm5aTWhZJO5P6YsYF9.0;server=GENERAL0100000L;cloudType=Consumer;environment=Prod_SoutheastAsia_000j;migrationStage=NotStarted}
{"logTime": "0908/083101", "correlationVector":"6PaE164v5sW/ulL8TgKPHC","action":"Initial GetUpdates", "result":"", "context":Reason: NEWLY_SUPPORTED_DATATYPE. cV=6PaE164v5sW/ulL8TgKPHC}
{"logTime": "0908/083101", "correlationVector":"6PaE164v5sW/ulL8TgKPHC.1","action":"SyncServerConnectionManagerRequest", "result":"SYNC_SERVER_OK", "context":{"environment":"Prod_SoutheastAsia_000j", "migrationStage":"NotStarted", "server":"GENERAL01000019"}}
{"logTime": "0908/083101", "correlationVector":"6PaE164v5sW/ulL8TgKPHC.2","action":"GetUpdates", "result":"DeleteReceived", "context":{"id":"c28ed869-d85b-43c3-be62-ea78d4e63a38", "isDeleted:":"true", "version":"1685537784824"}}
{"logTime": "0908/083101", "correlationVector":"6PaE164v5sW/ulL8TgKPHC.3","action":"GetUpdates", "result":"DeleteReceived", "context":{"id":"761238b4-5b41-45fb-9717-0e7abe7a9e7b", "isDeleted:":"true", "version":"1687444442914"}}
{"logTime": "0908/083101", "correlationVector":"6PaE164v5sW/ulL8TgKPHC.4","action":"GetUpdates", "result":"DeleteReceived", "context":{"id":"1dcb2b57-2582-4bf7-8493-22622b40cd7f", "isDeleted:":"true", "version":"1687444442915"}}
{"logTime": "0908/083101", "correlationVector":"6PaE164v5sW/ulL8TgKPHC.5","action":"GetUpdates", "result":"DeleteReceived", "context":{"id":"26e553d1-7586-46dd-a496-7f121771f226", "isDeleted:":"true", "version":"1691644301324"}}
{"logTime": "0908/083101", "correlationVector":"6PaE164v5sW/ulL8TgKPHC.6","action":"GetUpdates", "result":"DeleteReceived", "context":{"id":"08d030aa-131d-4917-9a4a-22d12a9c6913", "isDeleted:":"true", "version":"1693076668532"}}
{"logTime": "0908/083101", "correlationVector":"6PaE164v5sW/ulL8TgKPHC.7","action":"GetUpdates Response", "result":"SYNCER_OK", "context":Received 21 update(s). cV=6PaE164v5sW/ulL8TgKPHC.0;server=GENERAL01000019;cloudType=Consumer;environment=Prod_SoutheastAsia_000j;migrationStage=NotStarted}
{"logTime": "0908/083101", "correlationVector":"+YJewZ5+L8ZRK2WXCIZpXu","action":"Normal GetUpdate request", "result":"", "context":cV=+YJewZ5+L8ZRK2WXCIZpXu
Nudged types: Sessions, User Consents
Refresh requested types: Bookmarks, Preferences, Passwords, Autofill Profiles, Autofill, Autofill Custom Data, Typed URLs, Extensions, Sessions, Extension settings, History Delete Directives, Device Info, User Consents, Send Tab To Self, Web Apps, Collection, Edge E Drop, Edge Hub App Usage, Encryption Keys}
{"logTime": "0908/083101", "correlationVector":"+YJewZ5+L8ZRK2WXCIZpXu.1","action":"SyncServerConnectionManagerRequest", "result":"SYNC_SERVER_OK", "context":{"environment":"Prod_SoutheastAsia_000j", "migrationStage":"NotStarted", "server":"GENERAL0100000U"}}
{"logTime": "0908/083101", "correlationVector":"+YJewZ5+L8ZRK2WXCIZpXu.2","action":"GetUpdates Response", "result":"SYNCER_OK", "context":Received 3 update(s). cV=+YJewZ5+L8ZRK2WXCIZpXu.0;server=GENERAL0100000U;cloudType=Consumer;environment=Prod_SoutheastAsia_000j;migrationStage=NotStarted}
{"logTime": "0908/083101", "correlationVector":"GMVxyS6Q704q3gimFYnD5O","action":"Commit Request", "result":"", "context":Item count: 4
Contributing types: Sessions, User Consents}
{"logTime": "0908/083101", "correlationVector":"GMVxyS6Q704q3gimFYnD5O.1","action":"SyncServerConnectionManagerRequest", "result":"SYNC_SERVER_OK", "context":{"environment":"Prod_SoutheastAsia_000j", "migrationStage":"NotStarted", "server":"GENERAL01000015"}}
{"logTime": "0908/083101", "correlationVector":"GMVxyS6Q704q3gimFYnD5O.3","action":"Commit.Sessions", "result":"Success", "context":{"id":"be1a3c62-093b-4dcb-bb7e-02df0911dd19", "isDeleted":"true", "size":"0", "version":"1694161718957"}}
{"logTime": "0908/083101", "correlationVector":"GMVxyS6Q704q3gimFYnD5O.2","action":"Commit Response", "result":"SYNCER_OK", "context":Result: SYNCER_OK. cV=GMVxyS6Q704q3gimFYnD5O.0;server=GENERAL01000015;cloudType=Consumer;environment=Prod_SoutheastAsia_000j;migrationStage=NotStarted}
{"logTime": "0908/083104", "correlationVector":"AM+8xbzxPJwmQL7ctBn6tW","action":"SyncServerConnectionManagerRequest", "result":"SYNC_SERVER_OK", "context":{"environment":"", "migrationStage":"", "server":""}}
{"logTime": "0908/083104", "correlationVector":"TNhvgwLWVK7Esi3wkhoKFg","action":"Normal GetUpdate request", "result":"", "context":cV=TNhvgwLWVK7Esi3wkhoKFg
Nudged types: Preferences, Sessions}
{"logTime": "0908/083105", "correlationVector":"TNhvgwLWVK7Esi3wkhoKFg.1","action":"SyncServerConnectionManagerRequest", "result":"SYNC_SERVER_OK", "context":{"environment":"Prod_SoutheastAsia_000j", "migrationStage":"NotStarted", "server":"GENERAL0100001C"}}
{"logTime": "0908/083105", "correlationVector":"TNhvgwLWVK7Esi3wkhoKFg.2","action":"GetUpdates", "result":"DeleteReceived", "context":{"id":"be1a3c62-093b-4dcb-bb7e-02df0911dd19", "isDeleted:":"true", "version":"1694161852165"}}
{"logTime": "0908/083105", "correlationVector":"TNhvgwLWVK7Esi3wkhoKFg.3","action":"GetUpdates Response", "result":"SYNCER_OK", "context":Received 3 update(s). cV=TNhvgwLWVK7Esi3wkhoKFg.0;server=GENERAL0100001C;cloudType=Consumer;environment=Prod_SoutheastAsia_000j;migrationStage=NotStarted}
{"logTime": "0908/083105", "correlationVector":"dGekutlJipCEUnCVtEFQn5","action":"Commit Request", "result":"", "context":Item count: 3
Contributing types: Preferences, Sessions}
{"logTime": "0908/083105", "correlationVector":"dGekutlJipCEUnCVtEFQn5.1","action":"SyncServerConnectionManagerRequest", "result":"SYNC_SERVER_OK", "context":{"environment":"Prod_SoutheastAsia_000j", "migrationStage":"NotStarted", "server":"GENERAL0100000P"}}
{"logTime": "0908/083105", "correlationVector":"dGekutlJipCEUnCVtEFQn5.2","action":"Commit Response", "result":"SYNCER_OK", "context":Result: SYNCER_OK. cV=dGekutlJipCEUnCVtEFQn5.0;server=GENERAL0100000P;cloudType=Consumer;environment=Prod_SoutheastAsia_000j;migrationStage=NotStarted}
{"logTime": "0908/083105", "correlationVector":"KcYtUb1SymNEQM1MAHL5Uu","action":"Normal GetUpdate request", "result":"", "context":cV=KcYtUb1SymNEQM1MAHL5Uu
Nudged types: Preferences, Sessions
Refresh requested types: Bookmarks, Preferences, Passwords, Autofill Profiles, Autofill, Autofill Custom Data, Typed URLs, Extensions, Sessions, Extension settings, History Delete Directives, Device Info, User Consents, Send Tab To Self, Web Apps, Collection, Edge E Drop, Edge Hub App Usage, Encryption Keys}
{"logTime": "0908/083106", "correlationVector":"KcYtUb1SymNEQM1MAHL5Uu.1","action":"SyncServerConnectionManagerRequest", "result":"SYNC_SERVER_OK", "context":{"environment":"Prod_SoutheastAsia_000j", "migrationStage":"NotStarted", "server":"GENERAL01000000"}}
{"logTime": "0908/083106", "correlationVector":"KcYtUb1SymNEQM1MAHL5Uu.2","action":"GetUpdates Response", "result":"SYNCER_OK", "context":Received 3 update(s). cV=KcYtUb1SymNEQM1MAHL5Uu.0;server=GENERAL01000000;cloudType=Consumer;environment=Prod_SoutheastAsia_000j;migrationStage=NotStarted}
{"logTime": "0908/083406", "correlationVector":"qQRc9NLB+XkisqGOBA3tH1.0","action":"FeedSettingFetch_homeCloud", "result":"0", "context":{}}
{"logTime": "0908/083406", "correlationVector":"T9w3S5QNTtJ8lqkAnWLSnq.1","action":"SyncServerConnectionManagerRequest", "result":"SYNC_SERVER_OK", "context":{"environment":"Prod_SoutheastAsia_000j", "migrationStage":"NotStarted", "server":"GENERAL0100000E"}}
{"logTime": "0908/083406", "correlationVector":"T9w3S5QNTtJ8lqkAnWLSnq","action":"Initial GetUpdates", "result":"", "context":Reason: NEW_CLIENT. cV=T9w3S5QNTtJ8lqkAnWLSnq}
{"logTime": "0908/083406", "correlationVector":"T9w3S5QNTtJ8lqkAnWLSnq.2","action":"GetUpdates Response", "result":"SYNCER_OK", "context":Received 1 update(s). cV=T9w3S5QNTtJ8lqkAnWLSnq.0;server=GENERAL0100000E;cloudType=Consumer;environment=Prod_SoutheastAsia_000j;migrationStage=NotStarted}
{"logTime": "0908/083406", "correlationVector":"wQyF83EYt0ZvZugj0B9bab","action":"Initial GetUpdates", "result":"", "context":Reason: NEWLY_SUPPORTED_DATATYPE. cV=wQyF83EYt0ZvZugj0B9bab}
{"logTime": "0908/083406", "correlationVector":"wQyF83EYt0ZvZugj0B9bab.1","action":"SyncServerConnectionManagerRequest", "result":"SYNC_SERVER_OK", "context":{"environment":"Prod_SoutheastAsia_000j", "migrationStage":"NotStarted", "server":"GENERAL0100001C"}}
{"logTime": "0908/083406", "correlationVector":"wQyF83EYt0ZvZugj0B9bab.2","action":"GetUpdates", "result":"DeleteReceived", "context":{"id":"c28ed869-d85b-43c3-be62-ea78d4e63a38", "isDeleted:":"true", "version":"1685537784824"}}
{"logTime": "0908/083406", "correlationVector":"wQyF83EYt0ZvZugj0B9bab.3","action":"GetUpdates", "result":"DeleteReceived", "context":{"id":"761238b4-5b41-45fb-9717-0e7abe7a9e7b", "isDeleted:":"true", "version":"1687444442914"}}
{"logTime": "0908/083406", "correlationVector":"wQyF83EYt0ZvZugj0B9bab.4","action":"GetUpdates", "result":"DeleteReceived", "context":{"id":"1dcb2b57-2582-4bf7-8493-22622b40cd7f", "isDeleted:":"true", "version":"1687444442915"}}
{"logTime": "0908/083406", "correlationVector":"wQyF83EYt0ZvZugj0B9bab.5","action":"GetUpdates", "result":"DeleteReceived", "context":{"id":"26e553d1-7586-46dd-a496-7f121771f226", "isDeleted:":"true", "version":"1691644301324"}}
{"logTime": "0908/083406", "correlationVector":"wQyF83EYt0ZvZugj0B9bab.6","action":"GetUpdates", "result":"DeleteReceived", "context":{"id":"08d030aa-131d-4917-9a4a-22d12a9c6913", "isDeleted:":"true", "version":"1693076668532"}}
{"logTime": "0908/083406", "correlationVector":"wQyF83EYt0ZvZugj0B9bab.7","action":"GetUpdates Response", "result":"SYNCER_OK", "context":Received 21 update(s). cV=wQyF83EYt0ZvZugj0B9bab.0;server=GENERAL0100001C;cloudType=Consumer;environment=Prod_SoutheastAsia_000j;migrationStage=NotStarted}
{"logTime": "0908/083406", "correlationVector":"zjy5DRTBuE8JyORlH6zEaT","action":"SyncServerConnectionManagerRequest", "result":"SYNC_SERVER_OK", "context":{"environment":"", "migrationStage":"", "server":""}}
{"logTime": "0908/083406", "correlationVector":"MF3aJDX5fVjEUQKU8ppK+t","action":"Normal GetUpdate request", "result":"", "context":cV=MF3aJDX5fVjEUQKU8ppK+t
Nudged types: Sessions, User Consents
Refresh requested types: Bookmarks, Preferences, Passwords, Autofill Profiles, Autofill, Autofill Custom Data, Typed URLs, Extensions, Sessions, Extension settings, History Delete Directives, Device Info, User Consents, Send Tab To Self, Web Apps, Collection, Edge E Drop, Edge Hub App Usage, Encryption Keys}
{"logTime": "0908/083406", "correlationVector":"MF3aJDX5fVjEUQKU8ppK+t.1","action":"SyncServerConnectionManagerRequest", "result":"SYNC_SERVER_OK", "context":{"environment":"Prod_SoutheastAsia_000j", "migrationStage":"NotStarted", "server":"GENERAL0100000D"}}
{"logTime": "0908/083406", "correlationVector":"MF3aJDX5fVjEUQKU8ppK+t.2","action":"GetUpdates Response", "result":"SYNCER_OK", "context":Received 0 update(s). cV=MF3aJDX5fVjEUQKU8ppK+t.0;server=GENERAL0100000D;cloudType=Consumer;environment=Prod_SoutheastAsia_000j;migrationStage=NotStarted}
{"logTime": "0908/083406", "correlationVector":"jAIpY2gAaZvGs1xc4EewYV","action":"Commit Request", "result":"", "context":Item count: 4
Contributing types: Sessions, User Consents}
{"logTime": "0908/083406", "correlationVector":"jAIpY2gAaZvGs1xc4EewYV.1","action":"SyncServerConnectionManagerRequest", "result":"SYNC_SERVER_OK", "context":{"environment":"Prod_SoutheastAsia_000j", "migrationStage":"NotStarted", "server":"GENERAL01000002"}}
{"logTime": "0908/083406", "correlationVector":"jAIpY2gAaZvGs1xc4EewYV.2","action":"Commit Response", "result":"SYNCER_OK", "context":Result: SYNCER_OK. cV=jAIpY2gAaZvGs1xc4EewYV.0;server=GENERAL01000002;cloudType=Consumer;environment=Prod_SoutheastAsia_000j;migrationStage=NotStarted}
{"logTime": "0908/083406", "correlationVector":"jAIpY2gAaZvGs1xc4EewYV.3","action":"Commit.Sessions", "result":"Success", "context":{"id":"c5431973-dc1d-4534-a530-90a2742b2e73", "isDeleted":"true", "size":"0", "version":"1694161862967"}}
{"logTime": "0908/083406", "correlationVector":"on0EF3pw3DmNi0ZmDEaQac","action":"Normal GetUpdate request", "result":"", "context":cV=on0EF3pw3DmNi0ZmDEaQac
Nudged types: Sessions
Refresh requested types: Bookmarks, Preferences, Passwords, Autofill Profiles, Autofill, Autofill Custom Data, Typed URLs, Extensions, Sessions, Extension settings, History Delete Directives, Device Info, User Consents, Send Tab To Self, Web Apps, Collection, Edge E Drop, Edge Hub App Usage, Encryption Keys}
{"logTime": "0908/083406", "correlationVector":"on0EF3pw3DmNi0ZmDEaQac.1","action":"SyncServerConnectionManagerRequest", "result":"SYNC_SERVER_OK", "context":{"environment":"Prod_SoutheastAsia_000j", "migrationStage":"NotStarted", "server":"GENERAL0100001K"}}
{"logTime": "0908/083406", "correlationVector":"on0EF3pw3DmNi0ZmDEaQac.2","action":"GetUpdates", "result":"DeleteReceived", "context":{"id":"c5431973-dc1d-4534-a530-90a2742b2e73", "isDeleted:":"true", "version":"1694162041865"}}
{"logTime": "0908/083406", "correlationVector":"on0EF3pw3DmNi0ZmDEaQac.3","action":"GetUpdates Response", "result":"SYNCER_OK", "context":Received 3 update(s). cV=on0EF3pw3DmNi0ZmDEaQac.0;server=GENERAL0100001K;cloudType=Consumer;environment=Prod_SoutheastAsia_000j;migrationStage=NotStarted}
{"logTime": "0908/083408", "correlationVector":"HLptN4Ey0dS3BPs9stjdNF","action":"Normal GetUpdate request", "result":"", "context":cV=HLptN4Ey0dS3BPs9stjdNF
Nudged types: Preferences}
{"logTime": "0908/083408", "correlationVector":"HLptN4Ey0dS3BPs9stjdNF.1","action":"SyncServerConnectionManagerRequest", "result":"SYNC_SERVER_OK", "context":{"environment":"Prod_SoutheastAsia_000j", "migrationStage":"NotStarted", "server":"GENERAL01000016"}}
{"logTime": "0908/083408", "correlationVector":"HLptN4Ey0dS3BPs9stjdNF.2","action":"GetUpdates Response", "result":"SYNCER_OK", "context":Received 0 update(s). cV=HLptN4Ey0dS3BPs9stjdNF.0;server=GENERAL01000016;cloudType=Consumer;environment=Prod_SoutheastAsia_000j;migrationStage=NotStarted}
{"logTime": "0908/083408", "correlationVector":"pta+rhrgfr6JkSEKb6z1C4","action":"Commit Request", "result":"", "context":Item count: 2
Contributing types: Preferences}
{"logTime": "0908/083409", "correlationVector":"pta+rhrgfr6JkSEKb6z1C4.1","action":"SyncServerConnectionManagerRequest", "result":"SYNC_SERVER_OK", "context":{"environment":"Prod_SoutheastAsia_000j", "migrationStage":"NotStarted", "server":"GENERAL01000017"}}
{"logTime": "0908/083409", "correlationVector":"pta+rhrgfr6JkSEKb6z1C4.2","action":"Commit Response", "result":"SYNCER_OK", "context":Result: SYNCER_OK. cV=pta+rhrgfr6JkSEKb6z1C4.0;server=GENERAL01000017;cloudType=Consumer;environment=Prod_SoutheastAsia_000j;migrationStage=NotStarted}
{"logTime": "0908/083411", "correlationVector":"eQiyxy1JshB4pRq4WaJHVC","action":"Commit Request", "result":"", "context":Item count: 1
Contributing types: Sessions}
{"logTime": "0908/083411", "correlationVector":"eQiyxy1JshB4pRq4WaJHVC.1","action":"SyncServerConnectionManagerRequest", "result":"SYNC_SERVER_OK", "context":{"environment":"Prod_SoutheastAsia_000j", "migrationStage":"NotStarted", "server":"GENERAL0100000S"}}
{"logTime": "0908/083411", "correlationVector":"eQiyxy1JshB4pRq4WaJHVC.2","action":"Commit Response", "result":"SYNCER_OK", "context":Result: SYNCER_OK. cV=eQiyxy1JshB4pRq4WaJHVC.0;server=GENERAL0100000S;cloudType=Consumer;environment=Prod_SoutheastAsia_000j;migrationStage=NotStarted}
{"logTime": "0908/083557", "correlationVector":"at6joUpf+eYyX1/1kbsrmz.0","action":"FeedSettingFetch_homeCloud", "result":"0", "context":{}}
{"logTime": "0908/083557", "correlationVector":"n3kOAIU0rJfcmmJrtvYlnD.1","action":"SyncServerConnectionManagerRequest", "result":"SYNC_SERVER_OK", "context":{"environment":"Prod_SoutheastAsia_000j", "migrationStage":"NotStarted", "server":"GENERAL01000019"}}
{"logTime": "0908/083557", "correlationVector":"n3kOAIU0rJfcmmJrtvYlnD","action":"Initial GetUpdates", "result":"", "context":Reason: NEW_CLIENT. cV=n3kOAIU0rJfcmmJrtvYlnD}
{"logTime": "0908/083557", "correlationVector":"n3kOAIU0rJfcmmJrtvYlnD.2","action":"GetUpdates Response", "result":"SYNCER_OK", "context":Received 1 update(s). cV=n3kOAIU0rJfcmmJrtvYlnD.0;server=GENERAL01000019;cloudType=Consumer;environment=Prod_SoutheastAsia_000j;migrationStage=NotStarted}
{"logTime": "0908/083557", "correlationVector":"6+o/fdYIC66tUhJ9TIWMSC","action":"Initial GetUpdates", "result":"", "context":Reason: NEWLY_SUPPORTED_DATATYPE. cV=6+o/fdYIC66tUhJ9TIWMSC}
{"logTime": "0908/083557", "correlationVector":"6+o/fdYIC66tUhJ9TIWMSC.1","action":"SyncServerConnectionManagerRequest", "result":"SYNC_SERVER_OK", "context":{"environment":"Prod_SoutheastAsia_000j", "migrationStage":"NotStarted", "server":"GENERAL0100001H"}}
{"logTime": "0908/083557", "correlationVector":"6+o/fdYIC66tUhJ9TIWMSC.2","action":"GetUpdates", "result":"DeleteReceived", "context":{"id":"c28ed869-d85b-43c3-be62-ea78d4e63a38", "isDeleted:":"true", "version":"1685537784824"}}
{"logTime": "0908/083557", "correlationVector":"6+o/fdYIC66tUhJ9TIWMSC.3","action":"GetUpdates", "result":"DeleteReceived", "context":{"id":"761238b4-5b41-45fb-9717-0e7abe7a9e7b", "isDeleted:":"true", "version":"1687444442914"}}
{"logTime": "0908/083557", "correlationVector":"6+o/fdYIC66tUhJ9TIWMSC.4","action":"GetUpdates", "result":"DeleteReceived", "context":{"id":"1dcb2b57-2582-4bf7-8493-22622b40cd7f", "isDeleted:":"true", "version":"1687444442915"}}
{"logTime": "0908/083557", "correlationVector":"6+o/fdYIC66tUhJ9TIWMSC.5","action":"GetUpdates", "result":"DeleteReceived", "context":{"id":"26e553d1-7586-46dd-a496-7f121771f226", "isDeleted:":"true", "version":"1691644301324"}}
{"logTime": "0908/083557", "correlationVector":"6+o/fdYIC66tUhJ9TIWMSC.6","action":"GetUpdates", "result":"DeleteReceived", "context":{"id":"08d030aa-131d-4917-9a4a-22d12a9c6913", "isDeleted:":"true", "version":"1693076668532"}}
{"logTime": "0908/083557", "correlationVector":"6+o/fdYIC66tUhJ9TIWMSC.7","action":"GetUpdates Response", "result":"SYNCER_OK", "context":Received 21 update(s). cV=6+o/fdYIC66tUhJ9TIWMSC.0;server=GENERAL0100001H;cloudType=Consumer;environment=Prod_SoutheastAsia_000j;migrationStage=NotStarted}
{"logTime": "0908/083557", "correlationVector":"3BV2dixMJ2LU7fAjovVVgT","action":"Normal GetUpdate request", "result":"", "context":cV=3BV2dixMJ2LU7fAjovVVgT
Nudged types: Sessions, User Consents
Refresh requested types: Bookmarks, Preferences, Passwords, Autofill Profiles, Autofill, Autofill Custom Data, Typed URLs, Extensions, Sessions, Extension settings, History Delete Directives, Device Info, User Consents, Send Tab To Self, Web Apps, Collection, Edge E Drop, Edge Hub App Usage, Encryption Keys}
{"logTime": "0908/083557", "correlationVector":"3BV2dixMJ2LU7fAjovVVgT.1","action":"SyncServerConnectionManagerRequest", "result":"SYNC_SERVER_OK", "context":{"environment":"Prod_SoutheastAsia_000j", "migrationStage":"NotStarted", "server":"GENERAL01000003"}}
{"logTime": "0908/083557", "correlationVector":"3BV2dixMJ2LU7fAjovVVgT.2","action":"GetUpdates Response", "result":"SYNCER_OK", "context":Received 3 update(s). cV=3BV2dixMJ2LU7fAjovVVgT.0;server=GENERAL01000003;cloudType=Consumer;environment=Prod_SoutheastAsia_000j;migrationStage=NotStarted}
{"logTime": "0908/083557", "correlationVector":"KrXWi0+BIdee140ni13fms","action":"Commit Request", "result":"", "context":Item count: 4
Contributing types: Sessions, User Consents}
{"logTime": "0908/083557", "correlationVector":"KrXWi0+BIdee140ni13fms.1","action":"SyncServerConnectionManagerRequest", "result":"SYNC_SERVER_OK", "context":{"environment":"Prod_SoutheastAsia_000j", "migrationStage":"NotStarted", "server":"GENERAL0100000L"}}
{"logTime": "0908/083557", "correlationVector":"KrXWi0+BIdee140ni13fms.3","action":"Commit.Sessions", "result":"Success", "context":{"id":"be473c79-0d64-4460-a3dd-7d7bd06f35d3", "isDeleted":"true", "size":"0", "version":"1694162048654"}}
{"logTime": "0908/083557", "correlationVector":"KrXWi0+BIdee140ni13fms.2","action":"Commit Response", "result":"SYNCER_OK", "context":Result: SYNCER_OK. cV=KrXWi0+BIdee140ni13fms.0;server=GENERAL0100000L;cloudType=Consumer;environment=Prod_SoutheastAsia_000j;migrationStage=NotStarted}
{"logTime": "0908/083600", "correlationVector":"YTYdTq1n/Rq8R6viJRCAlC","action":"SyncServerConnectionManagerRequest", "result":"SYNC_SERVER_OK", "context":{"environment":"", "migrationStage":"", "server":""}}
{"logTime": "0908/083600", "correlationVector":"MTyuB4LaijZ9NenTBK85YC","action":"Normal GetUpdate request", "result":"", "context":cV=MTyuB4LaijZ9NenTBK85YC
Nudged types: Preferences, Sessions}
{"logTime": "0908/083601", "correlationVector":"MTyuB4LaijZ9NenTBK85YC.1","action":"SyncServerConnectionManagerRequest", "result":"SYNC_SERVER_OK", "context":{"environment":"Prod_SoutheastAsia_000j", "migrationStage":"NotStarted", "server":"GENERAL01000004"}}
{"logTime": "0908/083601", "correlationVector":"MTyuB4LaijZ9NenTBK85YC.2","action":"GetUpdates", "result":"DeleteReceived", "context":{"id":"be473c79-0d64-4460-a3dd-7d7bd06f35d3", "isDeleted:":"true", "version":"1694162148965"}}
{"logTime": "0908/083601", "correlationVector":"MTyuB4LaijZ9NenTBK85YC.3","action":"GetUpdates Response", "result":"SYNCER_OK", "context":Received 3 update(s). cV=MTyuB4LaijZ9NenTBK85YC.0;server=GENERAL01000004;cloudType=Consumer;environment=Prod_SoutheastAsia_000j;migrationStage=NotStarted}
{"logTime": "0908/083601", "correlationVector":"X31QIA1vbNY17Z0k65r7Kd","action":"Commit Request", "result":"", "context":Item count: 3
Contributing types: Preferences, Sessions}
{"logTime": "0908/083601", "correlationVector":"X31QIA1vbNY17Z0k65r7Kd.1","action":"SyncServerConnectionManagerRequest", "result":"SYNC_SERVER_OK", "context":{"environment":"Prod_SoutheastAsia_000j", "migrationStage":"NotStarted", "server":"GENERAL0100001H"}}
{"logTime": "0908/083601", "correlationVector":"X31QIA1vbNY17Z0k65r7Kd.2","action":"Commit Response", "result":"SYNCER_OK", "context":Result: SYNCER_OK. cV=X31QIA1vbNY17Z0k65r7Kd.0;server=GENERAL0100001H;cloudType=Consumer;environment=Prod_SoutheastAsia_000j;migrationStage=NotStarted}
{"logTime": "0908/083601", "correlationVector":"ulzOF+kTtUKvJYioAoaM1y","action":"Normal GetUpdate request", "result":"", "context":cV=ulzOF+kTtUKvJYioAoaM1y
Nudged types: Preferences, Sessions
Refresh requested types: Bookmarks, Preferences, Passwords, Autofill Profiles, Autofill, Autofill Custom Data, Typed URLs, Extensions, Sessions, Extension settings, History Delete Directives, Device Info, User Consents, Send Tab To Self, Web Apps, Collection, Edge E Drop, Edge Hub App Usage, Encryption Keys}
{"logTime": "0908/083602", "correlationVector":"ulzOF+kTtUKvJYioAoaM1y.1","action":"SyncServerConnectionManagerRequest", "result":"SYNC_SERVER_OK", "context":{"environment":"Prod_SoutheastAsia_000j", "migrationStage":"NotStarted", "server":"GENERAL0100001L"}}
{"logTime": "0908/083602", "correlationVector":"ulzOF+kTtUKvJYioAoaM1y.2","action":"GetUpdates Response", "result":"SYNCER_OK", "context":Received 3 update(s). cV=ulzOF+kTtUKvJYioAoaM1y.0;server=GENERAL0100001L;cloudType=Consumer;environment=Prod_SoutheastAsia_000j;migrationStage=NotStarted}
{"logTime": "0908/083936", "correlationVector":"bB/zXNSe06AHwCPCdv62J9","action":"Normal GetUpdate request", "result":"", "context":cV=bB/zXNSe06AHwCPCdv62J9
Notified types: Device Info}
{"logTime": "0908/083937", "correlationVector":"bB/zXNSe06AHwCPCdv62J9.1","action":"SyncServerConnectionManagerRequest", "result":"SYNC_SERVER_OK", "context":{"environment":"Prod_SoutheastAsia_000j", "migrationStage":"NotStarted", "server":"GENERAL01000019"}}
{"logTime": "0908/083937", "correlationVector":"bB/zXNSe06AHwCPCdv62J9.2","action":"GetUpdates Response", "result":"SYNCER_OK", "context":Received 1 update(s). cV=bB/zXNSe06AHwCPCdv62J9.0;server=GENERAL01000019;cloudType=Consumer;environment=Prod_SoutheastAsia_000j;migrationStage=NotStarted}
{"logTime": "0908/084541", "correlationVector":"tei3Y7CaWLZ5mY0OHxh3ul.0","action":"FeedSettingFetch_homeCloud", "result":"0", "context":{}}
{"logTime": "0908/084541", "correlationVector":"Il9KJYDReoQjQa2pALUlpc.1","action":"SyncServerConnectionManagerRequest", "result":"SYNC_SERVER_OK", "context":{"environment":"Prod_SoutheastAsia_000j", "migrationStage":"NotStarted", "server":"GENERAL01000008"}}
{"logTime": "0908/084541", "correlationVector":"Il9KJYDReoQjQa2pALUlpc","action":"Initial GetUpdates", "result":"", "context":Reason: NEW_CLIENT. cV=Il9KJYDReoQjQa2pALUlpc}
{"logTime": "0908/084541", "correlationVector":"Il9KJYDReoQjQa2pALUlpc.2","action":"GetUpdates Response", "result":"SYNCER_OK", "context":Received 1 update(s). cV=Il9KJYDReoQjQa2pALUlpc.0;server=GENERAL01000008;cloudType=Consumer;environment=Prod_SoutheastAsia_000j;migrationStage=NotStarted}
{"logTime": "0908/084541", "correlationVector":"b9Mb4/HGoSFSnudUM3CieP","action":"Initial GetUpdates", "result":"", "context":Reason: NEWLY_SUPPORTED_DATATYPE. cV=b9Mb4/HGoSFSnudUM3CieP}
{"logTime": "0908/084541", "correlationVector":"b9Mb4/HGoSFSnudUM3CieP.1","action":"SyncServerConnectionManagerRequest", "result":"SYNC_SERVER_OK", "context":{"environment":"Prod_SoutheastAsia_000j", "migrationStage":"NotStarted", "server":"GENERAL01000002"}}
{"logTime": "0908/084541", "correlationVector":"b9Mb4/HGoSFSnudUM3CieP.2","action":"GetUpdates", "result":"DeleteReceived", "context":{"id":"c28ed869-d85b-43c3-be62-ea78d4e63a38", "isDeleted:":"true", "version":"1685537784824"}}
{"logTime": "0908/084541", "correlationVector":"b9Mb4/HGoSFSnudUM3CieP.3","action":"GetUpdates", "result":"DeleteReceived", "context":{"id":"761238b4-5b41-45fb-9717-0e7abe7a9e7b", "isDeleted:":"true", "version":"1687444442914"}}
{"logTime": "0908/084541", "correlationVector":"b9Mb4/HGoSFSnudUM3CieP.4","action":"GetUpdates", "result":"DeleteReceived", "context":{"id":"1dcb2b57-2582-4bf7-8493-22622b40cd7f", "isDeleted:":"true", "version":"1687444442915"}}
{"logTime": "0908/084541", "correlationVector":"b9Mb4/HGoSFSnudUM3CieP.5","action":"GetUpdates", "result":"DeleteReceived", "context":{"id":"26e553d1-7586-46dd-a496-7f121771f226", "isDeleted:":"true", "version":"1691644301324"}}
{"logTime": "0908/084541", "correlationVector":"b9Mb4/HGoSFSnudUM3CieP.6","action":"GetUpdates", "result":"DeleteReceived", "context":{"id":"08d030aa-131d-4917-9a4a-22d12a9c6913", "isDeleted:":"true", "version":"1693076668532"}}
{"logTime": "0908/084541", "correlationVector":"b9Mb4/HGoSFSnudUM3CieP.7","action":"GetUpdates Response", "result":"SYNCER_OK", "context":Received 21 update(s). cV=b9Mb4/HGoSFSnudUM3CieP.0;server=GENERAL01000002;cloudType=Consumer;environment=Prod_SoutheastAsia_000j;migrationStage=NotStarted}
{"logTime": "0908/084541", "correlationVector":"jNW8xuY+uyMza2XvkLU+Cg","action":"Normal GetUpdate request", "result":"", "context":cV=jNW8xuY+uyMza2XvkLU+Cg
Nudged types: Sessions, User Consents
Refresh requested types: Bookmarks, Preferences, Passwords, Autofill Profiles, Autofill, Autofill Custom Data, Typed URLs, Extensions, Sessions, Extension settings, History Delete Directives, Device Info, User Consents, Send Tab To Self, Web Apps, Collection, Edge E Drop, Edge Hub App Usage, Encryption Keys}
{"logTime": "0908/084541", "correlationVector":"jNW8xuY+uyMza2XvkLU+Cg.1","action":"SyncServerConnectionManagerRequest", "result":"SYNC_SERVER_OK", "context":{"environment":"Prod_SoutheastAsia_000j", "migrationStage":"NotStarted", "server":"GENERAL0100000F"}}
{"logTime": "0908/084541", "correlationVector":"jNW8xuY+uyMza2XvkLU+Cg.2","action":"GetUpdates Response", "result":"SYNCER_OK", "context":Received 0 update(s). cV=jNW8xuY+uyMza2XvkLU+Cg.0;server=GENERAL0100000F;cloudType=Consumer;environment=Prod_SoutheastAsia_000j;migrationStage=NotStarted}
{"logTime": "0908/084541", "correlationVector":"BG7H6ZQ1HvMGW/kn41C35x","action":"Commit Request", "result":"", "context":Item count: 4
Contributing types: Sessions, User Consents}
{"logTime": "0908/084541", "correlationVector":"BG7H6ZQ1HvMGW/kn41C35x.1","action":"SyncServerConnectionManagerRequest", "result":"SYNC_SERVER_OK", "context":{"environment":"Prod_SoutheastAsia_000j", "migrationStage":"NotStarted", "server":"GENERAL0100000H"}}
{"logTime": "0908/084541", "correlationVector":"BG7H6ZQ1HvMGW/kn41C35x.3","action":"Commit.Sessions", "result":"Success", "context":{"id":"c5af57bb-29c1-4dd4-87c6-0b3a3ee7c99f", "isDeleted":"true", "size":"0", "version":"1694162158842"}}
{"logTime": "0908/084541", "correlationVector":"BG7H6ZQ1HvMGW/kn41C35x.2","action":"Commit Response", "result":"SYNCER_OK", "context":Result: SYNCER_OK. cV=BG7H6ZQ1HvMGW/kn41C35x.0;server=GENERAL0100000H;cloudType=Consumer;environment=Prod_SoutheastAsia_000j;migrationStage=NotStarted}
{"logTime": "0908/084544", "correlationVector":"Ti9aAnlgnItBH2W3kIjqCU","action":"SyncServerConnectionManagerRequest", "result":"SYNC_SERVER_OK", "context":{"environment":"", "migrationStage":"", "server":""}}
{"logTime": "0908/084544", "correlationVector":"wkABUTmvDnQqJo89FTzD3E","action":"Normal GetUpdate request", "result":"", "context":cV=wkABUTmvDnQqJo89FTzD3E
Nudged types: Preferences, Sessions}
{"logTime": "0908/084544", "correlationVector":"wkABUTmvDnQqJo89FTzD3E.1","action":"SyncServerConnectionManagerRequest", "result":"SYNC_SERVER_OK", "context":{"environment":"Prod_SoutheastAsia_000j", "migrationStage":"NotStarted", "server":"GENERAL0100000X"}}
{"logTime": "0908/084544", "correlationVector":"wkABUTmvDnQqJo89FTzD3E.2","action":"GetUpdates", "result":"DeleteReceived", "context":{"id":"c5af57bb-29c1-4dd4-87c6-0b3a3ee7c99f", "isDeleted:":"true", "version":"1694162731096"}}
{"logTime": "0908/084544", "correlationVector":"wkABUTmvDnQqJo89FTzD3E.3","action":"GetUpdates Response", "result":"SYNCER_OK", "context":Received 3 update(s). cV=wkABUTmvDnQqJo89FTzD3E.0;server=GENERAL0100000X;cloudType=Consumer;environment=Prod_SoutheastAsia_000j;migrationStage=NotStarted}
{"logTime": "0908/084544", "correlationVector":"WJinYApQWoisrNM4Tozh9v","action":"Commit Request", "result":"", "context":Item count: 3
Contributing types: Preferences, Sessions}
{"logTime": "0908/084545", "correlationVector":"WJinYApQWoisrNM4Tozh9v.1","action":"SyncServerConnectionManagerRequest", "result":"SYNC_SERVER_OK", "context":{"environment":"Prod_SoutheastAsia_000j", "migrationStage":"NotStarted", "server":"GENERAL0100001H"}}
{"logTime": "0908/084545", "correlationVector":"WJinYApQWoisrNM4Tozh9v.2","action":"Commit Response", "result":"SYNCER_OK", "context":Result: SYNCER_OK. cV=WJinYApQWoisrNM4Tozh9v.0;server=GENERAL0100001H;cloudType=Consumer;environment=Prod_SoutheastAsia_000j;migrationStage=NotStarted}
{"logTime": "0908/084545", "correlationVector":"QgRPdAb+t6sY8I6L3oiaFi","action":"Normal GetUpdate request", "result":"", "context":cV=QgRPdAb+t6sY8I6L3oiaFi
Nudged types: Preferences, Sessions
Refresh requested types: Bookmarks, Preferences, Passwords, Autofill Profiles, Autofill, Autofill Custom Data, Typed URLs, Extensions, Sessions, Extension settings, History Delete Directives, Device Info, User Consents, Send Tab To Self, Web Apps, Collection, Edge E Drop, Edge Hub App Usage, Encryption Keys}
{"logTime": "0908/084545", "correlationVector":"QgRPdAb+t6sY8I6L3oiaFi.1","action":"SyncServerConnectionManagerRequest", "result":"SYNC_SERVER_OK", "context":{"environment":"Prod_SoutheastAsia_000j", "migrationStage":"NotStarted", "server":"GENERAL0100000F"}}
{"logTime": "0908/084545", "correlationVector":"QgRPdAb+t6sY8I6L3oiaFi.2","action":"GetUpdates Response", "result":"SYNCER_OK", "context":Received 3 update(s). cV=QgRPdAb+t6sY8I6L3oiaFi.0;server=GENERAL0100000F;cloudType=Consumer;environment=Prod_SoutheastAsia_000j;migrationStage=NotStarted}
{"logTime": "0908/085229", "correlationVector":"kKdzi9U7ozcaq33U34Bo0S.0","action":"FeedSettingFetch_homeCloud", "result":"0", "context":{}}
{"logTime": "0908/085229", "correlationVector":"yai17w4KKGvlwQEkZ6V1id.1","action":"SyncServerConnectionManagerRequest", "result":"SYNC_SERVER_OK", "context":{"environment":"Prod_SoutheastAsia_000j", "migrationStage":"NotStarted", "server":"GENERAL0100000L"}}
{"logTime": "0908/085229", "correlationVector":"yai17w4KKGvlwQEkZ6V1id","action":"Initial GetUpdates", "result":"", "context":Reason: NEW_CLIENT. cV=yai17w4KKGvlwQEkZ6V1id}
{"logTime": "0908/085229", "correlationVector":"yai17w4KKGvlwQEkZ6V1id.2","action":"GetUpdates Response", "result":"SYNCER_OK", "context":Received 1 update(s). cV=yai17w4KKGvlwQEkZ6V1id.0;server=GENERAL0100000L;cloudType=Consumer;environment=Prod_SoutheastAsia_000j;migrationStage=NotStarted}
{"logTime": "0908/085229", "correlationVector":"P1APuB3uo7g8JWy6QlqbTp","action":"Initial GetUpdates", "result":"", "context":Reason: NEWLY_SUPPORTED_DATATYPE. cV=P1APuB3uo7g8JWy6QlqbTp}
{"logTime": "0908/085229", "correlationVector":"P1APuB3uo7g8JWy6QlqbTp.1","action":"SyncServerConnectionManagerRequest", "result":"SYNC_SERVER_OK", "context":{"environment":"Prod_SoutheastAsia_000j", "migrationStage":"NotStarted", "server":"GENERAL0100000V"}}
{"logTime": "0908/085229", "correlationVector":"P1APuB3uo7g8JWy6QlqbTp.2","action":"GetUpdates", "result":"DeleteReceived", "context":{"id":"c28ed869-d85b-43c3-be62-ea78d4e63a38", "isDeleted:":"true", "version":"1685537784824"}}
{"logTime": "0908/085229", "correlationVector":"P1APuB3uo7g8JWy6QlqbTp.3","action":"GetUpdates", "result":"DeleteReceived", "context":{"id":"761238b4-5b41-45fb-9717-0e7abe7a9e7b", "isDeleted:":"true", "version":"1687444442914"}}
{"logTime": "0908/085229", "correlationVector":"P1APuB3uo7g8JWy6QlqbTp.4","action":"GetUpdates", "result":"DeleteReceived", "context":{"id":"1dcb2b57-2582-4bf7-8493-22622b40cd7f", "isDeleted:":"true", "version":"1687444442915"}}
{"logTime": "0908/085229", "correlationVector":"P1APuB3uo7g8JWy6QlqbTp.5","action":"GetUpdates", "result":"DeleteReceived", "context":{"id":"26e553d1-7586-46dd-a496-7f121771f226", "isDeleted:":"true", "version":"1691644301324"}}
{"logTime": "0908/085229", "correlationVector":"P1APuB3uo7g8JWy6QlqbTp.6","action":"GetUpdates", "result":"DeleteReceived", "context":{"id":"08d030aa-131d-4917-9a4a-22d12a9c6913", "isDeleted:":"true", "version":"1693076668532"}}
{"logTime": "0908/085229", "correlationVector":"P1APuB3uo7g8JWy6QlqbTp.7","action":"GetUpdates Response", "result":"SYNCER_OK", "context":Received 21 update(s). cV=P1APuB3uo7g8JWy6QlqbTp.0;server=GENERAL0100000V;cloudType=Consumer;environment=Prod_SoutheastAsia_000j;migrationStage=NotStarted}
{"logTime": "0908/085229", "correlationVector":"V22+aftMOOp7vzCLwNdWwp","action":"Normal GetUpdate request", "result":"", "context":cV=V22+aftMOOp7vzCLwNdWwp
Nudged types: Sessions, User Consents
Refresh requested types: Bookmarks, Preferences, Passwords, Autofill Profiles, Autofill, Autofill Custom Data, Typed URLs, Extensions, Sessions, Extension settings, History Delete Directives, Device Info, User Consents, Send Tab To Self, Web Apps, Collection, Edge E Drop, Edge Hub App Usage, Encryption Keys}
{"logTime": "0908/085229", "correlationVector":"V22+aftMOOp7vzCLwNdWwp.1","action":"SyncServerConnectionManagerRequest", "result":"SYNC_SERVER_OK", "context":{"environment":"Prod_SoutheastAsia_000j", "migrationStage":"NotStarted", "server":"GENERAL01000009"}}
{"logTime": "0908/085229", "correlationVector":"V22+aftMOOp7vzCLwNdWwp.2","action":"GetUpdates Response", "result":"SYNCER_OK", "context":Received 0 update(s). cV=V22+aftMOOp7vzCLwNdWwp.0;server=GENERAL01000009;cloudType=Consumer;environment=Prod_SoutheastAsia_000j;migrationStage=NotStarted}
{"logTime": "0908/085229", "correlationVector":"2SnqplnEAE4Q+00wKpxSy9","action":"Commit Request", "result":"", "context":Item count: 4
Contributing types: Sessions, User Consents}
{"logTime": "0908/085229", "correlationVector":"2SnqplnEAE4Q+00wKpxSy9.1","action":"SyncServerConnectionManagerRequest", "result":"SYNC_SERVER_OK", "context":{"environment":"Prod_SoutheastAsia_000j", "migrationStage":"NotStarted", "server":"GENERAL01000006"}}
{"logTime": "0908/085229", "correlationVector":"2SnqplnEAE4Q+00wKpxSy9.3","action":"Commit.Sessions", "result":"Success", "context":{"id":"1232e8d3-572e-4b58-8c8b-2ecca348a1da", "isDeleted":"true", "size":"0", "version":"1694162742461"}}
{"logTime": "0908/085229", "correlationVector":"2SnqplnEAE4Q+00wKpxSy9.2","action":"Commit Response", "result":"SYNCER_OK", "context":Result: SYNCER_OK. cV=2SnqplnEAE4Q+00wKpxSy9.0;server=GENERAL01000006;cloudType=Consumer;environment=Prod_SoutheastAsia_000j;migrationStage=NotStarted}
{"logTime": "0908/085232", "correlationVector":"RjMYwL8fZD9G2DO2m6i3/n","action":"SyncServerConnectionManagerRequest", "result":"SYNC_SERVER_OK", "context":{"environment":"", "migrationStage":"", "server":""}}
{"logTime": "0908/085232", "correlationVector":"h1smB2Ea42dpuml6d35W/p","action":"Normal GetUpdate request", "result":"", "context":cV=h1smB2Ea42dpuml6d35W/p
Nudged types: Preferences, Sessions}
{"logTime": "0908/085232", "correlationVector":"h1smB2Ea42dpuml6d35W/p.1","action":"SyncServerConnectionManagerRequest", "result":"SYNC_SERVER_OK", "context":{"environment":"Prod_SoutheastAsia_000j", "migrationStage":"NotStarted", "server":"GENERAL0100001K"}}
{"logTime": "0908/085232", "correlationVector":"h1smB2Ea42dpuml6d35W/p.2","action":"GetUpdates", "result":"DeleteReceived", "context":{"id":"1232e8d3-572e-4b58-8c8b-2ecca348a1da", "isDeleted:":"true", "version":"1694163139401"}}
{"logTime": "0908/085232", "correlationVector":"h1smB2Ea42dpuml6d35W/p.3","action":"GetUpdates Response", "result":"SYNCER_OK", "context":Received 3 update(s). cV=h1smB2Ea42dpuml6d35W/p.0;server=GENERAL0100001K;cloudType=Consumer;environment=Prod_SoutheastAsia_000j;migrationStage=NotStarted}
{"logTime": "0908/085232", "correlationVector":"CJJ7YQ/+s67oRMC/frC0rV","action":"Commit Request", "result":"", "context":Item count: 3
Contributing types: Preferences, Sessions}
{"logTime": "0908/085233", "correlationVector":"CJJ7YQ/+s67oRMC/frC0rV.1","action":"SyncServerConnectionManagerRequest", "result":"SYNC_SERVER_OK", "context":{"environment":"Prod_SoutheastAsia_000j", "migrationStage":"NotStarted", "server":"GENERAL01000002"}}
{"logTime": "0908/085233", "correlationVector":"CJJ7YQ/+s67oRMC/frC0rV.2","action":"Commit Response", "result":"SYNCER_OK", "context":Result: SYNCER_OK. cV=CJJ7YQ/+s67oRMC/frC0rV.0;server=GENERAL01000002;cloudType=Consumer;environment=Prod_SoutheastAsia_000j;migrationStage=NotStarted}
{"logTime": "0908/085233", "correlationVector":"Ug+ar/f2IhdHYDYssQgc7E","action":"Normal GetUpdate request", "result":"", "context":cV=Ug+ar/f2IhdHYDYssQgc7E
Nudged types: Preferences, Sessions
Refresh requested types: Bookmarks, Preferences, Passwords, Autofill Profiles, Autofill, Autofill Custom Data, Typed URLs, Extensions, Sessions, Extension settings, History Delete Directives, Device Info, User Consents, Send Tab To Self, Web Apps, Collection, Edge E Drop, Edge Hub App Usage, Encryption Keys}
{"logTime": "0908/085233", "correlationVector":"Ug+ar/f2IhdHYDYssQgc7E.1","action":"SyncServerConnectionManagerRequest", "result":"SYNC_SERVER_OK", "context":{"environment":"Prod_SoutheastAsia_000j", "migrationStage":"NotStarted", "server":"GENERAL0100001H"}}
{"logTime": "0908/085233", "correlationVector":"Ug+ar/f2IhdHYDYssQgc7E.2","action":"GetUpdates Response", "result":"SYNCER_OK", "context":Received 3 update(s). cV=Ug+ar/f2IhdHYDYssQgc7E.0;server=GENERAL0100001H;cloudType=Consumer;environment=Prod_SoutheastAsia_000j;migrationStage=NotStarted}
{"logTime": "0908/090430", "correlationVector":"38810xgaGX6YiI7gO+2ryN.0","action":"FeedSettingFetch_homeCloud", "result":"0", "context":{}}
{"logTime": "0908/090430", "correlationVector":"K0eNI5cMgfzGvey/8gWbbT.1","action":"SyncServerConnectionManagerRequest", "result":"SYNC_SERVER_OK", "context":{"environment":"Prod_SoutheastAsia_000j", "migrationStage":"NotStarted", "server":"GENERAL01000016"}}
{"logTime": "0908/090430", "correlationVector":"K0eNI5cMgfzGvey/8gWbbT","action":"Initial GetUpdates", "result":"", "context":Reason: NEW_CLIENT. cV=K0eNI5cMgfzGvey/8gWbbT}
{"logTime": "0908/090430", "correlationVector":"K0eNI5cMgfzGvey/8gWbbT.2","action":"GetUpdates Response", "result":"SYNCER_OK", "context":Received 1 update(s). cV=K0eNI5cMgfzGvey/8gWbbT.0;server=GENERAL01000016;cloudType=Consumer;environment=Prod_SoutheastAsia_000j;migrationStage=NotStarted}
{"logTime": "0908/090430", "correlationVector":"Dwav94MG9rzbnwvGj0pNPa","action":"Initial GetUpdates", "result":"", "context":Reason: NEWLY_SUPPORTED_DATATYPE. cV=Dwav94MG9rzbnwvGj0pNPa}
{"logTime": "0908/090430", "correlationVector":"Dwav94MG9rzbnwvGj0pNPa.1","action":"SyncServerConnectionManagerRequest", "result":"SYNC_SERVER_OK", "context":{"environment":"Prod_SoutheastAsia_000j", "migrationStage":"NotStarted", "server":"GENERAL0100000C"}}
{"logTime": "0908/090430", "correlationVector":"Dwav94MG9rzbnwvGj0pNPa.2","action":"GetUpdates", "result":"DeleteReceived", "context":{"id":"c28ed869-d85b-43c3-be62-ea78d4e63a38", "isDeleted:":"true", "version":"1685537784824"}}
{"logTime": "0908/090430", "correlationVector":"Dwav94MG9rzbnwvGj0pNPa.3","action":"GetUpdates", "result":"DeleteReceived", "context":{"id":"761238b4-5b41-45fb-9717-0e7abe7a9e7b", "isDeleted:":"true", "version":"1687444442914"}}
{"logTime": "0908/090430", "correlationVector":"Dwav94MG9rzbnwvGj0pNPa.4","action":"GetUpdates", "result":"DeleteReceived", "context":{"id":"1dcb2b57-2582-4bf7-8493-22622b40cd7f", "isDeleted:":"true", "version":"1687444442915"}}
{"logTime": "0908/090430", "correlationVector":"Dwav94MG9rzbnwvGj0pNPa.5","action":"GetUpdates", "result":"DeleteReceived", "context":{"id":"26e553d1-7586-46dd-a496-7f121771f226", "isDeleted:":"true", "version":"1691644301324"}}
{"logTime": "0908/090430", "correlationVector":"Dwav94MG9rzbnwvGj0pNPa.6","action":"GetUpdates", "result":"DeleteReceived", "context":{"id":"08d030aa-131d-4917-9a4a-22d12a9c6913", "isDeleted:":"true", "version":"1693076668532"}}
{"logTime": "0908/090430", "correlationVector":"Dwav94MG9rzbnwvGj0pNPa.7","action":"GetUpdates Response", "result":"SYNCER_OK", "context":Received 21 update(s). cV=Dwav94MG9rzbnwvGj0pNPa.0;server=GENERAL0100000C;cloudType=Consumer;environment=Prod_SoutheastAsia_000j;migrationStage=NotStarted}
{"logTime": "0908/090430", "correlationVector":"UYtqrrWpwCTZ+8Q6J8P8+q","action":"Normal GetUpdate request", "result":"", "context":cV=UYtqrrWpwCTZ+8Q6J8P8+q
Nudged types: Sessions, User Consents
Refresh requested types: Bookmarks, Preferences, Passwords, Autofill Profiles, Autofill, Autofill Custom Data, Typed URLs, Extensions, Sessions, Extension settings, History Delete Directives, Device Info, User Consents, Send Tab To Self, Web Apps, Collection, Edge E Drop, Edge Hub App Usage, Encryption Keys}
{"logTime": "0908/090430", "correlationVector":"UYtqrrWpwCTZ+8Q6J8P8+q.1","action":"SyncServerConnectionManagerRequest", "result":"SYNC_SERVER_OK", "context":{"environment":"Prod_SoutheastAsia_000j", "migrationStage":"NotStarted", "server":"general01000014"}}
{"logTime": "0908/090430", "correlationVector":"UYtqrrWpwCTZ+8Q6J8P8+q.2","action":"GetUpdates Response", "result":"SYNCER_OK", "context":Received 0 update(s). cV=UYtqrrWpwCTZ+8Q6J8P8+q.0;server=general01000014;cloudType=Consumer;environment=Prod_SoutheastAsia_000j;migrationStage=NotStarted}
{"logTime": "0908/090430", "correlationVector":"WdNd/vpM5SWG478qYqJHGw","action":"Commit Request", "result":"", "context":Item count: 4
Contributing types: Sessions, User Consents}
{"logTime": "0908/090430", "correlationVector":"WdNd/vpM5SWG478qYqJHGw.1","action":"SyncServerConnectionManagerRequest", "result":"SYNC_SERVER_OK", "context":{"environment":"Prod_SoutheastAsia_000j", "migrationStage":"NotStarted", "server":"GENERAL01000007"}}
{"logTime": "0908/090430", "correlationVector":"WdNd/vpM5SWG478qYqJHGw.3","action":"Commit.Sessions", "result":"Success", "context":{"id":"641ab0ed-61ca-4c46-9c39-9ea48b673f37", "isDeleted":"true", "size":"0", "version":"1694163150599"}}
{"logTime": "0908/090430", "correlationVector":"WdNd/vpM5SWG478qYqJHGw.2","action":"Commit Response", "result":"SYNCER_OK", "context":Result: SYNCER_OK. cV=WdNd/vpM5SWG478qYqJHGw.0;server=GENERAL01000007;cloudType=Consumer;environment=Prod_SoutheastAsia_000j;migrationStage=NotStarted}
{"logTime": "0908/090433", "correlationVector":"JRpad3+poxkdKyFffTFKtY","action":"SyncServerConnectionManagerRequest", "result":"SYNC_SERVER_OK", "context":{"environment":"", "migrationStage":"", "server":""}}
{"logTime": "0908/090433", "correlationVector":"ltN+XWgH/RTzR5EI5AX5ut","action":"Normal GetUpdate request", "result":"", "context":cV=ltN+XWgH/RTzR5EI5AX5ut
Nudged types: Preferences, Sessions}
{"logTime": "0908/090433", "correlationVector":"ltN+XWgH/RTzR5EI5AX5ut.1","action":"SyncServerConnectionManagerRequest", "result":"SYNC_SERVER_OK", "context":{"environment":"Prod_SoutheastAsia_000j", "migrationStage":"NotStarted", "server":"GENERAL01000012"}}
{"logTime": "0908/090433", "correlationVector":"ltN+XWgH/RTzR5EI5AX5ut.2","action":"GetUpdates", "result":"DeleteReceived", "context":{"id":"641ab0ed-61ca-4c46-9c39-9ea48b673f37", "isDeleted:":"true", "version":"1694163860307"}}
{"logTime": "0908/090433", "correlationVector":"ltN+XWgH/RTzR5EI5AX5ut.3","action":"GetUpdates Response", "result":"SYNCER_OK", "context":Received 3 update(s). cV=ltN+XWgH/RTzR5EI5AX5ut.0;server=GENERAL01000012;cloudType=Consumer;environment=Prod_SoutheastAsia_000j;migrationStage=NotStarted}
{"logTime": "0908/090433", "correlationVector":"/R5s2h4/ZA9Rxea2H6vaWZ","action":"Commit Request", "result":"", "context":Item count: 3
Contributing types: Preferences, Sessions}
{"logTime": "0908/090433", "correlationVector":"/R5s2h4/ZA9Rxea2H6vaWZ.1","action":"SyncServerConnectionManagerRequest", "result":"SYNC_SERVER_OK", "context":{"environment":"Prod_SoutheastAsia_000j", "migrationStage":"NotStarted", "server":"GENERAL0100000F"}}
{"logTime": "0908/090433", "correlationVector":"/R5s2h4/ZA9Rxea2H6vaWZ.2","action":"Commit Response", "result":"SYNCER_OK", "context":Result: SYNCER_OK. cV=/R5s2h4/ZA9Rxea2H6vaWZ.0;server=GENERAL0100000F;cloudType=Consumer;environment=Prod_SoutheastAsia_000j;migrationStage=NotStarted}
{"logTime": "0908/090433", "correlationVector":"pChJHttMYG/esNSzwhBAbB","action":"Normal GetUpdate request", "result":"", "context":cV=pChJHttMYG/esNSzwhBAbB
Nudged types: Preferences, Sessions
Refresh requested types: Bookmarks, Preferences, Passwords, Autofill Profiles, Autofill, Autofill Custom Data, Typed URLs, Extensions, Sessions, Extension settings, History Delete Directives, Device Info, User Consents, Send Tab To Self, Web Apps, Collection, Edge E Drop, Edge Hub App Usage, Encryption Keys}
{"logTime": "0908/090434", "correlationVector":"pChJHttMYG/esNSzwhBAbB.1","action":"SyncServerConnectionManagerRequest", "result":"SYNC_SERVER_OK", "context":{"environment":"Prod_SoutheastAsia_000j", "migrationStage":"NotStarted", "server":"GENERAL0100000K"}}
{"logTime": "0908/090434", "correlationVector":"pChJHttMYG/esNSzwhBAbB.2","action":"GetUpdates Response", "result":"SYNCER_OK", "context":Received 3 update(s). cV=pChJHttMYG/esNSzwhBAbB.0;server=GENERAL0100000K;cloudType=Consumer;environment=Prod_SoutheastAsia_000j;migrationStage=NotStarted}
